<?xml version="1.0" encoding="utf-8"?>
<TestRun id="9f875377-421a-410e-b92b-1e952ea7c18d" name="cy962@EXTRA 2026-07-20 21:53:08" runUser="EXTRA\cy962" xmlns="http://microsoft.com/schemas/VisualStudio/TeamTest/2010">
  <Times creation="2026-07-20T21:53:08.8905823+08:00" queuing="2026-07-20T21:53:08.8905825+08:00" start="2026-07-20T21:53:08.4244562+08:00" finish="2026-07-20T21:55:45.1445323+08:00" />
  <TestSettings name="default" id="45c7d2c3-8e24-4617-8670-c9fbcc0fc7d1">
    <Deployment runDeploymentRoot="cy962_EXTRA_2026-07-20_21_53_08" />
  </TestSettings>
  <Results>
    <UnitTestResult executionId="317a6ece-66c5-475f-9ac3-b5973dfbfd74" testId="a9763c1c-64d3-fd3d-28be-e877910587f6" testName="EdgeLink.Tests.Unit.AuditFixTests.Validate_UnknownType_IsRejected" computerName="EXTRA" duration="00:00:00.0004175" startTime="2026-07-20T21:53:08.8687257+08:00" endTime="2026-07-20T21:53:08.8687257+08:00" testType="13cdc9d9-ddb5-4fa4-a97d-d965ccfc6d4b" outcome="Passed" testListId="8c84fa94-04c1-424b-9868-57a2d4851a1d" relativeResultsDirectory="317a6ece-66c5-475f-9ac3-b5973dfbfd74" />
    <UnitTestResult executionId="aee7da0b-8d9d-4c5e-a813-73e2e769bc57" testId="e2e3c569-220e-b0ed-cf96-da3daeda2fd3" testName="EdgeLink.Tests.Unit.LoginThrottleTests.NotLockedOut_Initially" computerName="EXTRA" duration="00:00:00.0000560" startTime="2026-07-20T21:53:08.8668584+08:00" endTime="2026-07-20T21:53:08.8668585+08:00" testType="13cdc9d9-ddb5-4fa4-a97d-d965ccfc6d4b" outcome="Passed" testListId="8c84fa94-04c1-424b-9868-57a2d4851a1d" relativeResultsDirectory="aee7da0b-8d9d-4c5e-a813-73e2e769bc57" />
    <UnitTestResult executionId="6e2fde7e-4cdf-4679-8ff2-bf36e4744deb" testId="541e031a-9dfc-138d-0e8f-4d3143506f0c" testName="EdgeLink.Tests.Integration.PortTests.UpdatePort_ChangesProtocolName" computerName="EXTRA" duration="00:00:00.3538409" startTime="2026-07-20T21:53:16.3831954+08:00" endTime="2026-07-20T21:53:16.3831957+08:00" testType="13cdc9d9-ddb5-4fa4-a97d-d965ccfc6d4b" outcome="Passed" testListId="8c84fa94-04c1-424b-9868-57a2d4851a1d" relativeResultsDirectory="6e2fde7e-4cdf-4679-8ff2-bf36e4744deb" />
    <UnitTestResult executionId="63d976e6-eba7-4081-8f7c-d8b3adc71240" testId="7142fe2c-5248-1aaa-463d-33b61fd2849b" testName="EdgeLink.Tests.Integration.MonitorTests.SetMonitorPort_NonExistent_Returns404" computerName="EXTRA" duration="00:00:00.0011926" startTime="2026-07-20T21:53:10.1604546+08:00" endTime="2026-07-20T21:53:10.1604547+08:00" testType="13cdc9d9-ddb5-4fa4-a97d-d965ccfc6d4b" outcome="Passed" testListId="8c84fa94-04c1-424b-9868-57a2d4851a1d" relativeResultsDirectory="63d976e6-eba7-4081-8f7c-d8b3adc71240" />
    <UnitTestResult executionId="f59531d7-555b-4bd4-b929-4c3f30d6d500" testId="2f2b006b-5d6f-2b9d-4ffe-6e570e0c6c90" testName="EdgeLink.Tests.Integration.AuthTests.ProtectedEndpoints_WithoutAuth_Return401(method: &quot;GET&quot;, url: &quot;/api/monitor/port&quot;)" computerName="EXTRA" duration="00:00:00.0011578" startTime="2026-07-20T21:53:09.1004830+08:00" endTime="2026-07-20T21:53:09.1004831+08:00" testType="13cdc9d9-ddb5-4fa4-a97d-d965ccfc6d4b" outcome="Passed" testListId="8c84fa94-04c1-424b-9868-57a2d4851a1d" relativeResultsDirectory="f59531d7-555b-4bd4-b929-4c3f30d6d500" />
    <UnitTestResult executionId="edd8e84c-aaa0-4aaf-a4b3-f99faadb8cdd" testId="5bfa77bc-6e15-c171-d72b-461af2afe8e7" testName="EdgeLink.Tests.Unit.BinaryMaskDecoderTests.Joystick_DecodesFloatsAndBits" computerName="EXTRA" duration="00:00:00.0133497" startTime="2026-07-20T21:53:08.8676539+08:00" endTime="2026-07-20T21:53:08.8676540+08:00" testType="13cdc9d9-ddb5-4fa4-a97d-d965ccfc6d4b" outcome="Passed" testListId="8c84fa94-04c1-424b-9868-57a2d4851a1d" relativeResultsDirectory="edd8e84c-aaa0-4aaf-a4b3-f99faadb8cdd" />
    <UnitTestResult executionId="679511dd-e3dd-4c5a-b536-88c358b3b020" testId="1c98204e-184a-304b-5f4a-ad2ac4243043" testName="EdgeLink.Tests.Integration.ReconnectTests.Udp_DeviceTimeout_ThenResume_EmitsStatusTransitions" computerName="EXTRA" duration="00:00:05.0438726" startTime="2026-07-20T21:53:25.0785389+08:00" endTime="2026-07-20T21:53:25.0785391+08:00" testType="13cdc9d9-ddb5-4fa4-a97d-d965ccfc6d4b" outcome="Passed" testListId="8c84fa94-04c1-424b-9868-57a2d4851a1d" relativeResultsDirectory="679511dd-e3dd-4c5a-b536-88c358b3b020" />
    <UnitTestResult executionId="043b353c-dc73-49d8-b99a-079441b9130e" testId="7e3be946-7599-ca3e-1254-753a6339abf4" testName="EdgeLink.Tests.Integration.MaskTests.SaveDefinition_IdMismatch_Returns400" computerName="EXTRA" duration="00:00:00.0204750" startTime="2026-07-20T21:53:09.5914458+08:00" endTime="2026-07-20T21:53:09.5914459+08:00" testType="13cdc9d9-ddb5-4fa4-a97d-d965ccfc6d4b" outcome="Passed" testListId="8c84fa94-04c1-424b-9868-57a2d4851a1d" relativeResultsDirectory="043b353c-dc73-49d8-b99a-079441b9130e" />
    <UnitTestResult executionId="1f1f436d-dec0-4afe-9574-703e1bd966ef" testId="96836d16-f726-3991-7b0f-b6616aff33f2" testName="EdgeLink.Tests.Integration.MonitorTests.MonitorStream_ReturnsEventStreamContentType" computerName="EXTRA" duration="00:00:03.0131549" startTime="2026-07-20T21:53:13.2373912+08:00" endTime="2026-07-20T21:53:13.2373913+08:00" testType="13cdc9d9-ddb5-4fa4-a97d-d965ccfc6d4b" outcome="Passed" testListId="8c84fa94-04c1-424b-9868-57a2d4851a1d" relativeResultsDirectory="1f1f436d-dec0-4afe-9574-703e1bd966ef" />
    <UnitTestResult executionId="ff785a09-fa3c-4fad-bd22-2fe8fb4175e4" testId="92853ed7-2964-0921-25c1-7461ee0c7c03" testName="EdgeLink.Tests.Unit.BinaryStreamFramerTests.Frames_TwoBackToBackPackets" computerName="EXTRA" duration="00:00:00.0003600" startTime="2026-07-20T21:53:08.8680062+08:00" endTime="2026-07-20T21:53:08.8680062+08:00" testType="13cdc9d9-ddb5-4fa4-a97d-d965ccfc6d4b" outcome="Passed" testListId="8c84fa94-04c1-424b-9868-57a2d4851a1d" relativeResultsDirectory="ff785a09-fa3c-4fad-bd22-2fe8fb4175e4" />
    <UnitTestResult executionId="182a2c1e-da9a-4586-890f-7d7b3c122e3a" testId="efa9996a-4b1f-0b16-be0f-070796e63da9" testName="EdgeLink.Tests.Unit.AuditFixTests.Decode_U64_KeepsFullPrecision" computerName="EXTRA" duration="00:00:00.0004416" startTime="2026-07-20T21:53:08.8682373+08:00" endTime="2026-07-20T21:53:08.8682374+08:00" testType="13cdc9d9-ddb5-4fa4-a97d-d965ccfc6d4b" outcome="Passed" testListId="8c84fa94-04c1-424b-9868-57a2d4851a1d" relativeResultsDirectory="182a2c1e-da9a-4586-890f-7d7b3c122e3a" />
    <UnitTestResult executionId="4695b6c0-3b26-43d3-ae9b-fb074cbfdb8f" testId="503db9b9-5d48-757d-a0e0-20c0d1081614" testName="EdgeLink.Tests.Unit.AuditFixTests.Decode_BitIndexBeyondFirstByte_ReadsCorrectBit(bit: 11, expected: &quot;0&quot;)" computerName="EXTRA" duration="00:00:00.0000082" startTime="2026-07-20T21:53:08.8686723+08:00" endTime="2026-07-20T21:53:08.8686723+08:00" testType="13cdc9d9-ddb5-4fa4-a97d-d965ccfc6d4b" outcome="Passed" testListId="8c84fa94-04c1-424b-9868-57a2d4851a1d" relativeResultsDirectory="4695b6c0-3b26-43d3-ae9b-fb074cbfdb8f" />
    <UnitTestResult executionId="cf37fee8-04aa-4a8f-a2f2-db39f237e2c3" testId="60e90951-f969-e713-d00d-609f18ef8f01" testName="EdgeLink.Tests.Integration.RoutingTests.Route_ResponseMode_OnlyRequesterReceivesResponse" computerName="EXTRA" duration="00:00:08.3719535" startTime="2026-07-20T21:54:09.9489720+08:00" endTime="2026-07-20T21:54:09.9489722+08:00" testType="13cdc9d9-ddb5-4fa4-a97d-d965ccfc6d4b" outcome="Passed" testListId="8c84fa94-04c1-424b-9868-57a2d4851a1d" relativeResultsDirectory="cf37fee8-04aa-4a8f-a2f2-db39f237e2c3" />
    <UnitTestResult executionId="04aa0c19-2144-4959-9f1e-513bf08eb8cb" testId="f0407797-42bf-9f15-2b89-34763ce2ee5f" testName="EdgeLink.Tests.Integration.MaskTests.SaveDefinition_UpdatesTemplate" computerName="EXTRA" duration="00:00:00.0386563" startTime="2026-07-20T21:53:09.5311019+08:00" endTime="2026-07-20T21:53:09.5311020+08:00" testType="13cdc9d9-ddb5-4fa4-a97d-d965ccfc6d4b" outcome="Passed" testListId="8c84fa94-04c1-424b-9868-57a2d4851a1d" relativeResultsDirectory="04aa0c19-2144-4959-9f1e-513bf08eb8cb" />
    <UnitTestResult executionId="d13c377b-a379-4921-84fe-3d78b371a9d4" testId="a767ec23-8988-dc1a-dc85-b8272bccfc30" testName="EdgeLink.Tests.Integration.AuthTests.ChangePassword_WithEmptyNew_Returns400" computerName="EXTRA" duration="00:00:00.0239485" startTime="2026-07-20T21:53:09.2411594+08:00" endTime="2026-07-20T21:53:09.2411596+08:00" testType="13cdc9d9-ddb5-4fa4-a97d-d965ccfc6d4b" outcome="Passed" testListId="8c84fa94-04c1-424b-9868-57a2d4851a1d" relativeResultsDirectory="d13c377b-a379-4921-84fe-3d78b371a9d4" />
    <UnitTestResult executionId="96514879-472d-4b6e-8cd8-842463363192" testId="e65816d5-72cb-7de0-cd3b-2a97b63bc988" testName="EdgeLink.Tests.Integration.PortTests.ToggleEnabled_DisablesPort" computerName="EXTRA" duration="00:00:00.3523824" startTime="2026-07-20T21:53:17.1511326+08:00" endTime="2026-07-20T21:53:17.1511327+08:00" testType="13cdc9d9-ddb5-4fa4-a97d-d965ccfc6d4b" outcome="Passed" testListId="8c84fa94-04c1-424b-9868-57a2d4851a1d" relativeResultsDirectory="96514879-472d-4b6e-8cd8-842463363192" />
    <UnitTestResult executionId="332e42af-dc54-4773-b6c5-8af9c517133a" testId="7aa72b81-7868-9787-e5cd-d00cc26b0780" testName="Server.Tests.Unit.ModbusBitPackingTests.Bit32_DoesNotWrapIntoBit0" computerName="EXTRA" duration="00:00:00.0019415" startTime="2026-07-20T21:53:08.8848496+08:00" endTime="2026-07-20T21:53:08.8848498+08:00" testType="13cdc9d9-ddb5-4fa4-a97d-d965ccfc6d4b" outcome="Passed" testListId="8c84fa94-04c1-424b-9868-57a2d4851a1d" relativeResultsDirectory="332e42af-dc54-4773-b6c5-8af9c517133a" />
    <UnitTestResult executionId="b3039a41-b2b5-4d23-b52f-a7060636d071" testId="551cd770-2f65-d9b0-1847-8452ef27e570" testName="EdgeLink.Tests.Unit.AuditFixTests.Framer_UnknownDiscriminatorWithoutSync_KeepsLaterCompletePacket" computerName="EXTRA" duration="00:00:00.0003389" startTime="2026-07-20T21:53:08.8764861+08:00" endTime="2026-07-20T21:53:08.8764864+08:00" testType="13cdc9d9-ddb5-4fa4-a97d-d965ccfc6d4b" outcome="Passed" testListId="8c84fa94-04c1-424b-9868-57a2d4851a1d" relativeResultsDirectory="b3039a41-b2b5-4d23-b52f-a7060636d071" />
    <UnitTestResult executionId="bb1ccfbd-ca95-418f-a726-a589030ead23" testId="2039a5ef-f2b3-63bf-ba62-008939c17c9a" testName="EdgeLink.Tests.Unit.AppConfigTests.Port_ParsedFromCli" computerName="EXTRA" duration="00:00:00.0000602" startTime="2026-07-20T21:53:08.8672929+08:00" endTime="2026-07-20T21:53:08.8672929+08:00" testType="13cdc9d9-ddb5-4fa4-a97d-d965ccfc6d4b" outcome="Passed" testListId="8c84fa94-04c1-424b-9868-57a2d4851a1d" relativeResultsDirectory="bb1ccfbd-ca95-418f-a726-a589030ead23" />
    <UnitTestResult executionId="dbd7ba7c-3364-417d-8f5c-7cc304a16a15" testId="0b883425-91ad-4485-1222-ae91f2de8733" testName="EdgeLink.Tests.Integration.SettingsTests.Export_ReturnsPortsAndMasksArrays" computerName="EXTRA" duration="00:00:00.0012034" startTime="2026-07-20T21:54:58.4355281+08:00" endTime="2026-07-20T21:54:58.4355282+08:00" testType="13cdc9d9-ddb5-4fa4-a97d-d965ccfc6d4b" outcome="Passed" testListId="8c84fa94-04c1-424b-9868-57a2d4851a1d" relativeResultsDirectory="dbd7ba7c-3364-417d-8f5c-7cc304a16a15" />
    <UnitTestResult executionId="dce9a7e7-ece1-40d3-8ddf-bc5696930c4c" testId="7fdf7aeb-439c-b3e6-f523-89d84a99873c" testName="EdgeLink.Tests.Unit.BinaryMaskDecoderTests.BigEndian_ReadsCorrectly" computerName="EXTRA" duration="00:00:00.0001407" startTime="2026-07-20T21:53:08.8826176+08:00" endTime="2026-07-20T21:53:08.8826177+08:00" testType="13cdc9d9-ddb5-4fa4-a97d-d965ccfc6d4b" outcome="Passed" testListId="8c84fa94-04c1-424b-9868-57a2d4851a1d" relativeResultsDirectory="dce9a7e7-ece1-40d3-8ddf-bc5696930c4c" />
    <UnitTestResult executionId="bcbf9000-cc71-4b9f-ba46-854f4493c663" testId="7851b9e6-53f9-3db4-de69-8306fb34f396" testName="EdgeLink.Tests.Unit.AuditFixTests.RequiredRegisters_MatchesDataTypeWidth(dataType: &quot;bits&quot;, expected: 1)" computerName="EXTRA" duration="00:00:00.0000015" startTime="2026-07-20T21:53:08.8682952+08:00" endTime="2026-07-20T21:53:08.8682952+08:00" testType="13cdc9d9-ddb5-4fa4-a97d-d965ccfc6d4b" outcome="Passed" testListId="8c84fa94-04c1-424b-9868-57a2d4851a1d" relativeResultsDirectory="bcbf9000-cc71-4b9f-ba46-854f4493c663" />
    <UnitTestResult executionId="0e77e138-bb96-483a-9169-2a00404601e9" testId="1ca436c1-f9e6-7787-6c29-1eb8d3d16330" testName="EdgeLink.Tests.Integration.PortTests.AddTcpClientPort_Returns201" computerName="EXTRA" duration="00:00:00.0202561" startTime="2026-07-20T21:53:17.5820196+08:00" endTime="2026-07-20T21:53:17.5820200+08:00" testType="13cdc9d9-ddb5-4fa4-a97d-d965ccfc6d4b" outcome="Passed" testListId="8c84fa94-04c1-424b-9868-57a2d4851a1d" relativeResultsDirectory="0e77e138-bb96-483a-9169-2a00404601e9" />
    <UnitTestResult executionId="1846d239-1310-4f1e-aead-97285a2683fc" testId="98a5e910-fd27-ceac-8edf-fadaae65f4af" testName="EdgeLink.Tests.Unit.MaskProcessorTests.NullDefinition_ReturnsOriginalText" computerName="EXTRA" duration="00:00:00.0000340" startTime="2026-07-20T21:53:08.8676601+08:00" endTime="2026-07-20T21:53:08.8676602+08:00" testType="13cdc9d9-ddb5-4fa4-a97d-d965ccfc6d4b" outcome="Passed" testListId="8c84fa94-04c1-424b-9868-57a2d4851a1d" relativeResultsDirectory="1846d239-1310-4f1e-aead-97285a2683fc" />
    <UnitTestResult executionId="e8aa72d3-55ff-4183-bb3d-0991378000fa" testId="0c06f082-3147-bf62-c746-98f7f9f4f48d" testName="Server.Tests.Unit.ModbusBitPackingTests.LowBits_StillBehaveAsBefore" computerName="EXTRA" duration="00:00:00.0001401" startTime="2026-07-20T21:53:08.8850437+08:00" endTime="2026-07-20T21:53:08.8850438+08:00" testType="13cdc9d9-ddb5-4fa4-a97d-d965ccfc6d4b" outcome="Passed" testListId="8c84fa94-04c1-424b-9868-57a2d4851a1d" relativeResultsDirectory="e8aa72d3-55ff-4183-bb3d-0991378000fa" />
    <UnitTestResult executionId="c0f2428c-6e93-48fb-89fe-38eb9dbe2067" testId="89c054d7-64fa-8f74-0ce1-e9ba48af79ae" testName="EdgeLink.Tests.Unit.AuditFixTests.Framer_SignedDiscriminator_MatchesDecoder" computerName="EXTRA" duration="00:00:00.0001409" startTime="2026-07-20T21:53:08.8759948+08:00" endTime="2026-07-20T21:53:08.8759951+08:00" testType="13cdc9d9-ddb5-4fa4-a97d-d965ccfc6d4b" outcome="Passed" testListId="8c84fa94-04c1-424b-9868-57a2d4851a1d" relativeResultsDirectory="c0f2428c-6e93-48fb-89fe-38eb9dbe2067" />
    <UnitTestResult executionId="f8168485-7e13-45a3-89ba-cad52b7fd9bd" testId="e3dc6f08-5786-2f7c-eb21-e1e70f9faf21" testName="EdgeLink.Tests.Integration.MaskTests.RenameMask_ChangesId" computerName="EXTRA" duration="00:00:00.0616992" startTime="2026-07-20T21:53:09.4467336+08:00" endTime="2026-07-20T21:53:09.4467337+08:00" testType="13cdc9d9-ddb5-4fa4-a97d-d965ccfc6d4b" outcome="Passed" testListId="8c84fa94-04c1-424b-9868-57a2d4851a1d" relativeResultsDirectory="f8168485-7e13-45a3-89ba-cad52b7fd9bd" />
    <UnitTestResult executionId="036391db-d1fe-4024-9c30-a74ad0c88806" testId="35840fee-d136-81ee-36dd-be33b990259d" testName="EdgeLink.Tests.Integration.AuthTests.Login_WithWrongPassword_Returns401" computerName="EXTRA" duration="00:00:00.0293122" startTime="2026-07-20T21:53:09.1758477+08:00" endTime="2026-07-20T21:53:09.1758478+08:00" testType="13cdc9d9-ddb5-4fa4-a97d-d965ccfc6d4b" outcome="Passed" testListId="8c84fa94-04c1-424b-9868-57a2d4851a1d" relativeResultsDirectory="036391db-d1fe-4024-9c30-a74ad0c88806" />
    <UnitTestResult executionId="956f748b-12f1-45f4-9719-1a97e897e35c" testId="abbe4c81-3d7b-f852-29a0-e5d187f12c0a" testName="EdgeLink.Tests.Integration.MaskTests.GetMasks_AlwaysIncludesOriginalData" computerName="EXTRA" duration="00:00:00.0021279" startTime="2026-07-20T21:53:09.7309604+08:00" endTime="2026-07-20T21:53:09.7309606+08:00" testType="13cdc9d9-ddb5-4fa4-a97d-d965ccfc6d4b" outcome="Passed" testListId="8c84fa94-04c1-424b-9868-57a2d4851a1d" relativeResultsDirectory="956f748b-12f1-45f4-9719-1a97e897e35c" />
    <UnitTestResult executionId="3eabd917-6340-4867-903d-637977877d34" testId="3a8ed972-2f36-c32f-2796-7daa952605f2" testName="EdgeLink.Tests.Unit.MaskProcessorTests.EmptyTemplate_ReturnsOriginalText" computerName="EXTRA" duration="00:00:00.0000611" startTime="2026-07-20T21:53:08.8679468+08:00" endTime="2026-07-20T21:53:08.8679468+08:00" testType="13cdc9d9-ddb5-4fa4-a97d-d965ccfc6d4b" outcome="Passed" testListId="8c84fa94-04c1-424b-9868-57a2d4851a1d" relativeResultsDirectory="3eabd917-6340-4867-903d-637977877d34" />
    <UnitTestResult executionId="0bfc956f-4691-47e7-921f-380706981a58" testId="8a76428f-ddab-c19d-d2b9-39c89a412fc4" testName="EdgeLink.Tests.Unit.BinaryMaskDecoderTests.JsonRoundTrip_PreservesBinarySpec" computerName="EXTRA" duration="00:00:00.0338466" startTime="2026-07-20T21:53:08.8820950+08:00" endTime="2026-07-20T21:53:08.8820951+08:00" testType="13cdc9d9-ddb5-4fa4-a97d-d965ccfc6d4b" outcome="Passed" testListId="8c84fa94-04c1-424b-9868-57a2d4851a1d" relativeResultsDirectory="0bfc956f-4691-47e7-921f-380706981a58" />
    <UnitTestResult executionId="60f3606b-d22c-41f7-a063-2f7362cf5316" testId="a7911652-6b28-449d-4fe7-427a9a2c4be8" testName="EdgeLink.Tests.Integration.MaskTests.DeleteMask_NonExistent_Returns404" computerName="EXTRA" duration="00:00:00.0009367" startTime="2026-07-20T21:53:09.7974331+08:00" endTime="2026-07-20T21:53:09.7974332+08:00" testType="13cdc9d9-ddb5-4fa4-a97d-d965ccfc6d4b" outcome="Passed" testListId="8c84fa94-04c1-424b-9868-57a2d4851a1d" relativeResultsDirectory="60f3606b-d22c-41f7-a063-2f7362cf5316" />
    <UnitTestResult executionId="e994e980-9474-4ed8-af15-71c9e316e403" testId="315a39c0-c6fe-3ff6-6940-5a93a9f65b70" testName="EdgeLink.Tests.Integration.PortTests.AddPort_MissingProtocolName_Returns400" computerName="EXTRA" duration="00:00:00.0030254" startTime="2026-07-20T21:53:14.0692181+08:00" endTime="2026-07-20T21:53:14.0692182+08:00" testType="13cdc9d9-ddb5-4fa4-a97d-d965ccfc6d4b" outcome="Passed" testListId="8c84fa94-04c1-424b-9868-57a2d4851a1d" relativeResultsDirectory="e994e980-9474-4ed8-af15-71c9e316e403" />
    <UnitTestResult executionId="a2ef79b5-c86f-4d49-bee6-ea46f1084f85" testId="7adbe66b-7d51-a84d-067f-c5b6ead99ce8" testName="EdgeLink.Tests.Unit.AuditFixTests.FromJson_TypeMismatch_Throws" computerName="EXTRA" duration="00:00:00.0237967" startTime="2026-07-20T21:53:08.8739457+08:00" endTime="2026-07-20T21:53:08.8739461+08:00" testType="13cdc9d9-ddb5-4fa4-a97d-d965ccfc6d4b" outcome="Passed" testListId="8c84fa94-04c1-424b-9868-57a2d4851a1d" relativeResultsDirectory="a2ef79b5-c86f-4d49-bee6-ea46f1084f85" />
    <UnitTestResult executionId="ff614af5-ebc3-450d-a337-8c4ab2cee598" testId="6e7634a7-2073-57f2-62b0-3f8b4eb62a7d" testName="EdgeLink.Tests.Integration.MaskTests.DeleteMask_RemovesFromList" computerName="EXTRA" duration="00:00:00.0168631" startTime="2026-07-20T21:53:09.6634534+08:00" endTime="2026-07-20T21:53:09.6634535+08:00" testType="13cdc9d9-ddb5-4fa4-a97d-d965ccfc6d4b" outcome="Passed" testListId="8c84fa94-04c1-424b-9868-57a2d4851a1d" relativeResultsDirectory="ff614af5-ebc3-450d-a337-8c4ab2cee598" />
    <UnitTestResult executionId="55fb8db5-af8c-4d17-a2c5-7bcdb6c09a60" testId="ca115ee1-8e9c-8120-8fbe-4f891d3af215" testName="EdgeLink.Tests.Integration.SettingsTests.Export_MasksDoNotIncludeOriginalData" computerName="EXTRA" duration="00:00:00.0031698" startTime="2026-07-20T21:54:57.6296824+08:00" endTime="2026-07-20T21:54:57.6296825+08:00" testType="13cdc9d9-ddb5-4fa4-a97d-d965ccfc6d4b" outcome="Passed" testListId="8c84fa94-04c1-424b-9868-57a2d4851a1d" relativeResultsDirectory="55fb8db5-af8c-4d17-a2c5-7bcdb6c09a60" />
    <UnitTestResult executionId="fcbac891-2a0b-437b-a43b-dea9516b57a3" testId="dce02e2e-3abb-2673-8fb3-68d6741d389d" testName="EdgeLink.Tests.Integration.AuthTests.ChangePassword_WithoutAuth_Returns401" computerName="EXTRA" duration="00:00:00.0020236" startTime="2026-07-20T21:53:09.1071904+08:00" endTime="2026-07-20T21:53:09.1071906+08:00" testType="13cdc9d9-ddb5-4fa4-a97d-d965ccfc6d4b" outcome="Passed" testListId="8c84fa94-04c1-424b-9868-57a2d4851a1d" relativeResultsDirectory="fcbac891-2a0b-437b-a43b-dea9516b57a3" />
    <UnitTestResult executionId="b2c71305-0824-46b4-b78d-2b6ec646a5d2" testId="abdf468e-2aa3-3f69-c7d4-ce4347a52e58" testName="EdgeLink.Tests.Integration.AuthTests.ProtectedEndpoints_WithoutAuth_Return401(method: &quot;GET&quot;, url: &quot;/api/logs&quot;)" computerName="EXTRA" duration="00:00:00.0009987" startTime="2026-07-20T21:53:09.1034822+08:00" endTime="2026-07-20T21:53:09.1034823+08:00" testType="13cdc9d9-ddb5-4fa4-a97d-d965ccfc6d4b" outcome="Passed" testListId="8c84fa94-04c1-424b-9868-57a2d4851a1d" relativeResultsDirectory="b2c71305-0824-46b4-b78d-2b6ec646a5d2" />
    <UnitTestResult executionId="3fd4b4da-36c1-4521-b568-889d8e9e682b" testId="5a3bc35b-efa7-7bd8-6fd9-e4476d4202ad" testName="EdgeLink.Tests.Unit.MaskProcessorTests.FieldWithNoKvSeparator_Ignored" computerName="EXTRA" duration="00:00:00.0000921" startTime="2026-07-20T21:53:08.8674065+08:00" endTime="2026-07-20T21:53:08.8674065+08:00" testType="13cdc9d9-ddb5-4fa4-a97d-d965ccfc6d4b" outcome="Passed" testListId="8c84fa94-04c1-424b-9868-57a2d4851a1d" relativeResultsDirectory="3fd4b4da-36c1-4521-b568-889d8e9e682b" />
    <UnitTestResult executionId="3f458292-a9fc-44d9-affa-4964d2e27614" testId="553f8a2b-5821-6793-8bf4-1b7a062087fa" testName="Server.Tests.Unit.ModbusBitPackingTests.BeyondSixtyFourBits_TruncatesInsteadOfCorrupting" computerName="EXTRA" duration="00:00:00.0372255" startTime="2026-07-20T21:53:08.8828471+08:00" endTime="2026-07-20T21:53:08.8828473+08:00" testType="13cdc9d9-ddb5-4fa4-a97d-d965ccfc6d4b" outcome="Passed" testListId="8c84fa94-04c1-424b-9868-57a2d4851a1d" relativeResultsDirectory="3f458292-a9fc-44d9-affa-4964d2e27614" />
    <UnitTestResult executionId="5b6cc4dd-0c57-474b-8951-6d64eb1a50ca" testId="cd5035a1-cc25-8c23-f6a6-ddc08fde4193" testName="EdgeLink.Tests.Integration.PortTests.UpdatePort_WithoutModbusBlock_KeepsExistingConfig" computerName="EXTRA" duration="00:00:00.0524158" startTime="2026-07-20T21:53:15.1200391+08:00" endTime="2026-07-20T21:53:15.1200393+08:00" testType="13cdc9d9-ddb5-4fa4-a97d-d965ccfc6d4b" outcome="Passed" testListId="8c84fa94-04c1-424b-9868-57a2d4851a1d" relativeResultsDirectory="5b6cc4dd-0c57-474b-8951-6d64eb1a50ca" />
    <UnitTestResult executionId="5b4cd230-3b14-4674-95b4-5c8f79c987c9" testId="8279bb3f-8a5d-d887-3536-fe135fbfaaa8" testName="EdgeLink.Tests.Integration.PortTests.GetClients_ForTcpClientPort_Returns400" computerName="EXTRA" duration="00:00:00.0322468" startTime="2026-07-20T21:53:15.6906825+08:00" endTime="2026-07-20T21:53:15.6906827+08:00" testType="13cdc9d9-ddb5-4fa4-a97d-d965ccfc6d4b" outcome="Passed" testListId="8c84fa94-04c1-424b-9868-57a2d4851a1d" relativeResultsDirectory="5b4cd230-3b14-4674-95b4-5c8f79c987c9" />
    <UnitTestResult executionId="0310dd36-bdd7-4821-83f3-dd4da2a60517" testId="2c97ec4d-ca92-a60f-0ef5-46d97516e067" testName="EdgeLink.Tests.Unit.AuditFixTests.FromJson_MalformedJson_Throws" computerName="EXTRA" duration="00:00:00.0009048" startTime="2026-07-20T21:53:08.8749688+08:00" endTime="2026-07-20T21:53:08.8749689+08:00" testType="13cdc9d9-ddb5-4fa4-a97d-d965ccfc6d4b" outcome="Passed" testListId="8c84fa94-04c1-424b-9868-57a2d4851a1d" relativeResultsDirectory="0310dd36-bdd7-4821-83f3-dd4da2a60517" />
    <UnitTestResult executionId="74b08726-4169-488e-b618-f4970a7f4286" testId="6f2c8c03-0a42-b641-635f-37cd9047d9c0" testName="EdgeLink.Tests.Unit.AsyncMessageQueueTests.Dequeue_ReturnsEnqueuedItem" computerName="EXTRA" duration="00:00:00.0004296" startTime="2026-07-20T21:53:09.0475294+08:00" endTime="2026-07-20T21:53:09.0475296+08:00" testType="13cdc9d9-ddb5-4fa4-a97d-d965ccfc6d4b" outcome="Passed" testListId="8c84fa94-04c1-424b-9868-57a2d4851a1d" relativeResultsDirectory="74b08726-4169-488e-b618-f4970a7f4286" />
    <UnitTestResult executionId="0e853c1a-602b-4c88-95f0-4026cd4e6e5a" testId="f31d7a14-3a5d-eaa2-653f-78d4915ec6a6" testName="EdgeLink.Tests.Unit.AuditFixTests.RequiredRegisters_MatchesDataTypeWidth(dataType: null, expected: 1)" computerName="EXTRA" duration="00:00:00.0000036" startTime="2026-07-20T21:53:08.8683194+08:00" endTime="2026-07-20T21:53:08.8683195+08:00" testType="13cdc9d9-ddb5-4fa4-a97d-d965ccfc6d4b" outcome="Passed" testListId="8c84fa94-04c1-424b-9868-57a2d4851a1d" relativeResultsDirectory="0e853c1a-602b-4c88-95f0-4026cd4e6e5a" />
    <UnitTestResult executionId="74ca6832-a962-4e81-8a48-617f5febda9c" testId="0c6d62f0-9b96-2320-6100-b22ef930e95f" testName="EdgeLink.Tests.Unit.AuditFixTests.RequiredRegisters_MatchesDataTypeWidth(dataType: &quot;int16&quot;, expected: 1)" computerName="EXTRA" duration="00:00:00.0000034" startTime="2026-07-20T21:53:08.8686123+08:00" endTime="2026-07-20T21:53:08.8686123+08:00" testType="13cdc9d9-ddb5-4fa4-a97d-d965ccfc6d4b" outcome="Passed" testListId="8c84fa94-04c1-424b-9868-57a2d4851a1d" relativeResultsDirectory="74ca6832-a962-4e81-8a48-617f5febda9c" />
    <UnitTestResult executionId="281eebe4-18e8-4391-8e4c-7032f8e5f823" testId="9df65d73-9c91-1bd7-fbea-a8bf6cfbdcad" testName="EdgeLink.Tests.Unit.BinaryMaskDecoderTests.WrongLength_IsDropped" computerName="EXTRA" duration="00:00:00.0003947" startTime="2026-07-20T21:53:08.8679626+08:00" endTime="2026-07-20T21:53:08.8679626+08:00" testType="13cdc9d9-ddb5-4fa4-a97d-d965ccfc6d4b" outcome="Passed" testListId="8c84fa94-04c1-424b-9868-57a2d4851a1d" relativeResultsDirectory="281eebe4-18e8-4391-8e4c-7032f8e5f823" />
    <UnitTestResult executionId="50fa80bb-b4d8-4866-93bf-10b0a9b4261d" testId="b345c728-43f3-1641-89b8-645a7863da22" testName="EdgeLink.Tests.Integration.ReconnectTests.TcpServer_DeviceReconnects_AfterDisconnect" computerName="EXTRA" duration="00:00:06.5155609" startTime="2026-07-20T21:53:38.1122079+08:00" endTime="2026-07-20T21:53:38.1122086+08:00" testType="13cdc9d9-ddb5-4fa4-a97d-d965ccfc6d4b" outcome="Passed" testListId="8c84fa94-04c1-424b-9868-57a2d4851a1d" relativeResultsDirectory="50fa80bb-b4d8-4866-93bf-10b0a9b4261d" />
    <UnitTestResult executionId="2398f36f-0169-4fff-ae28-4d6a2841d881" testId="1380a4e2-f017-2ddf-2199-7e30e1e9e312" testName="EdgeLink.Tests.Integration.SettingsTests.Import_InvalidJson_Returns400AndChangesNothing" computerName="EXTRA" duration="00:00:00.0025597" startTime="2026-07-20T21:54:58.4731888+08:00" endTime="2026-07-20T21:54:58.4731889+08:00" testType="13cdc9d9-ddb5-4fa4-a97d-d965ccfc6d4b" outcome="Passed" testListId="8c84fa94-04c1-424b-9868-57a2d4851a1d" relativeResultsDirectory="2398f36f-0169-4fff-ae28-4d6a2841d881" />
    <UnitTestResult executionId="4c973df9-390e-4e6c-a931-dd20f90c0641" testId="9f1b4ed8-ad27-11a5-b3be-85832bf9acd6" testName="EdgeLink.Tests.Integration.RoutingTests.Route_RequestMask_CustomDelimiters_Work" computerName="EXTRA" duration="00:00:04.3668965" startTime="2026-07-20T21:54:19.4508962+08:00" endTime="2026-07-20T21:54:19.4508965+08:00" testType="13cdc9d9-ddb5-4fa4-a97d-d965ccfc6d4b" outcome="Passed" testListId="8c84fa94-04c1-424b-9868-57a2d4851a1d" relativeResultsDirectory="4c973df9-390e-4e6c-a931-dd20f90c0641" />
    <UnitTestResult executionId="1d1a3e48-f117-458e-b921-cbbf7bcb3408" testId="bc6c9cbd-7376-dac7-f5ed-3526804db7f2" testName="EdgeLink.Tests.Integration.PortTests.ChangeMask_ToOriginalData_Succeeds" computerName="EXTRA" duration="00:00:00.5585454" startTime="2026-07-20T21:53:14.9582964+08:00" endTime="2026-07-20T21:53:14.9582966+08:00" testType="13cdc9d9-ddb5-4fa4-a97d-d965ccfc6d4b" outcome="Passed" testListId="8c84fa94-04c1-424b-9868-57a2d4851a1d" relativeResultsDirectory="1d1a3e48-f117-458e-b921-cbbf7bcb3408" />
    <UnitTestResult executionId="662179e5-9ffc-4aed-b09f-3c301168d0f3" testId="61deab50-6872-dac6-43d3-ec0c2e5962b7" testName="EdgeLink.Tests.Unit.AsyncMessageQueueTests.SpuriousWakeup_DoesNotEndConsumer" computerName="EXTRA" duration="00:00:00.0004226" startTime="2026-07-20T21:53:09.0480263+08:00" endTime="2026-07-20T21:53:09.0480263+08:00" testType="13cdc9d9-ddb5-4fa4-a97d-d965ccfc6d4b" outcome="Passed" testListId="8c84fa94-04c1-424b-9868-57a2d4851a1d" relativeResultsDirectory="662179e5-9ffc-4aed-b09f-3c301168d0f3" />
    <UnitTestResult executionId="2feedd1e-dfce-4ea9-a220-a8fa2cbfe9aa" testId="d41d0979-ae92-c9b9-d11e-bc103339038c" testName="EdgeLink.Tests.Integration.SettingsTests.Import_AddsNewPortsAndMasks" computerName="EXTRA" duration="00:00:00.0644783" startTime="2026-07-20T21:54:57.5870770+08:00" endTime="2026-07-20T21:54:57.5870772+08:00" testType="13cdc9d9-ddb5-4fa4-a97d-d965ccfc6d4b" outcome="Passed" testListId="8c84fa94-04c1-424b-9868-57a2d4851a1d" relativeResultsDirectory="2feedd1e-dfce-4ea9-a220-a8fa2cbfe9aa" />
    <UnitTestResult executionId="a4997038-bbd4-46ee-bff0-26ad566fe45e" testId="dd49013f-34f4-6833-b729-42e49aa5a6f2" testName="EdgeLink.Tests.Unit.MaskProcessorTests.CustomFieldDelimiter_Works" computerName="EXTRA" duration="00:00:00.0000409" startTime="2026-07-20T21:53:08.8676876+08:00" endTime="2026-07-20T21:53:08.8676877+08:00" testType="13cdc9d9-ddb5-4fa4-a97d-d965ccfc6d4b" outcome="Passed" testListId="8c84fa94-04c1-424b-9868-57a2d4851a1d" relativeResultsDirectory="a4997038-bbd4-46ee-bff0-26ad566fe45e" />
    <UnitTestResult executionId="d351fb02-c5a5-43d9-ad42-f1aeb626ceb0" testId="f96bb396-96c4-fef9-a954-244dd426760a" testName="EdgeLink.Tests.Unit.AuditFixTests.RequiredRegisters_MatchesDataTypeWidth(dataType: &quot;uint16&quot;, expected: 1)" computerName="EXTRA" duration="00:00:00.0000045" startTime="2026-07-20T21:53:08.8683076+08:00" endTime="2026-07-20T21:53:08.8683076+08:00" testType="13cdc9d9-ddb5-4fa4-a97d-d965ccfc6d4b" outcome="Passed" testListId="8c84fa94-04c1-424b-9868-57a2d4851a1d" relativeResultsDirectory="d351fb02-c5a5-43d9-ad42-f1aeb626ceb0" />
    <UnitTestResult executionId="8847af79-3cec-463a-8a81-b3c072a0546b" testId="471c1b0f-0a81-0e0e-4f5a-10cc2a8488f0" testName="EdgeLink.Tests.Integration.AuthTests.ChangePassword_WithWrongCurrent_Returns401" computerName="EXTRA" duration="00:00:00.0391241" startTime="2026-07-20T21:53:09.1464250+08:00" endTime="2026-07-20T21:53:09.1464253+08:00" testType="13cdc9d9-ddb5-4fa4-a97d-d965ccfc6d4b" outcome="Passed" testListId="8c84fa94-04c1-424b-9868-57a2d4851a1d" relativeResultsDirectory="8847af79-3cec-463a-8a81-b3c072a0546b" />
    <UnitTestResult executionId="075d10c7-2a59-455d-b00e-681964aa408b" testId="2e5d2991-f78e-196c-79b1-8ec65d8aee55" testName="EdgeLink.Tests.Unit.ModbusLogThrottleTests.AfterWindow_LogsAgain" computerName="EXTRA" duration="00:00:00.0002331" startTime="2026-07-20T21:53:08.8658602+08:00" endTime="2026-07-20T21:53:08.8658603+08:00" testType="13cdc9d9-ddb5-4fa4-a97d-d965ccfc6d4b" outcome="Passed" testListId="8c84fa94-04c1-424b-9868-57a2d4851a1d" relativeResultsDirectory="075d10c7-2a59-455d-b00e-681964aa408b" />
    <UnitTestResult executionId="4bdd12f0-c10c-4052-9e1a-e4507e31ef4d" testId="9ef5316a-874e-379f-fd9b-2b38b9b43ca4" testName="EdgeLink.Tests.Integration.PortTests.GetPorts_ReturnsEmptyListInitially" computerName="EXTRA" duration="00:00:00.0009913" startTime="2026-07-20T21:53:15.2631153+08:00" endTime="2026-07-20T21:53:15.2631155+08:00" testType="13cdc9d9-ddb5-4fa4-a97d-d965ccfc6d4b" outcome="Passed" testListId="8c84fa94-04c1-424b-9868-57a2d4851a1d" relativeResultsDirectory="4bdd12f0-c10c-4052-9e1a-e4507e31ef4d" />
    <UnitTestResult executionId="bce7177d-bd67-4d0c-aaac-f537ec752956" testId="66ec483e-d6db-9ea3-c96f-3f94a4f24102" testName="EdgeLink.Tests.Integration.PortTests.ToggleEnabled_NonExistent_Returns404" computerName="EXTRA" duration="00:00:00.0058775" startTime="2026-07-20T21:53:15.2330208+08:00" endTime="2026-07-20T21:53:15.2330209+08:00" testType="13cdc9d9-ddb5-4fa4-a97d-d965ccfc6d4b" outcome="Passed" testListId="8c84fa94-04c1-424b-9868-57a2d4851a1d" relativeResultsDirectory="bce7177d-bd67-4d0c-aaac-f537ec752956" />
    <UnitTestResult executionId="6abb1c2e-e9b0-44b6-b85a-00e55a286845" testId="58abcfc2-6630-b0d1-8029-fe38e7de21fa" testName="EdgeLink.Tests.Integration.TcpNetworkTests.TcpServer_MultipleClients_AllAppearInClientList" computerName="EXTRA" duration="00:00:09.4729428" startTime="2026-07-20T21:55:40.3794444+08:00" endTime="2026-07-20T21:55:40.3794447+08:00" testType="13cdc9d9-ddb5-4fa4-a97d-d965ccfc6d4b" outcome="Passed" testListId="8c84fa94-04c1-424b-9868-57a2d4851a1d" relativeResultsDirectory="6abb1c2e-e9b0-44b6-b85a-00e55a286845" />
    <UnitTestResult executionId="e7943372-1ea2-48a6-9c0c-38a42d81acab" testId="7e8f2ac7-e9a2-23b9-4b2e-206e24952d91" testName="EdgeLink.Tests.Unit.AuditFixTests.Decode_BitRange_CrossesByteBoundary" computerName="EXTRA" duration="00:00:00.0001039" startTime="2026-07-20T21:53:08.8760484+08:00" endTime="2026-07-20T21:53:08.8760484+08:00" testType="13cdc9d9-ddb5-4fa4-a97d-d965ccfc6d4b" outcome="Passed" testListId="8c84fa94-04c1-424b-9868-57a2d4851a1d" relativeResultsDirectory="e7943372-1ea2-48a6-9c0c-38a42d81acab" />
    <UnitTestResult executionId="45f7a345-52b9-487e-86d2-2e3c23fd2a10" testId="c96e9ed0-d238-77f2-be23-67a2a9b15ead" testName="EdgeLink.Tests.Integration.MaskTests.AddMask_EmptyId_Returns400" computerName="EXTRA" duration="00:00:00.0008346" startTime="2026-07-20T21:53:09.6093093+08:00" endTime="2026-07-20T21:53:09.6093094+08:00" testType="13cdc9d9-ddb5-4fa4-a97d-d965ccfc6d4b" outcome="Passed" testListId="8c84fa94-04c1-424b-9868-57a2d4851a1d" relativeResultsDirectory="45f7a345-52b9-487e-86d2-2e3c23fd2a10" />
    <UnitTestResult executionId="5274f77a-69d0-4be5-aa26-756f2657b11a" testId="8810d538-7026-dce2-95a3-1fd16ceb592f" testName="EdgeLink.Tests.Integration.TcpNetworkTests.TcpServer_KeepsConnectionAlive_AfterPongReply" computerName="EXTRA" duration="00:00:08.2534048" startTime="2026-07-20T21:55:17.0095300+08:00" endTime="2026-07-20T21:55:17.0095304+08:00" testType="13cdc9d9-ddb5-4fa4-a97d-d965ccfc6d4b" outcome="Passed" testListId="8c84fa94-04c1-424b-9868-57a2d4851a1d" relativeResultsDirectory="5274f77a-69d0-4be5-aa26-756f2657b11a" />
    <UnitTestResult executionId="d7fd61bd-1cde-4e6d-9f58-6741278e73fb" testId="d56eb6ed-43ae-27d7-8de4-f31788651585" testName="EdgeLink.Tests.Integration.MaskTests.AddMask_NewId_Returns200Or201" computerName="EXTRA" duration="00:00:00.0233542" startTime="2026-07-20T21:53:09.7782022+08:00" endTime="2026-07-20T21:53:09.7782025+08:00" testType="13cdc9d9-ddb5-4fa4-a97d-d965ccfc6d4b" outcome="Passed" testListId="8c84fa94-04c1-424b-9868-57a2d4851a1d" relativeResultsDirectory="d7fd61bd-1cde-4e6d-9f58-6741278e73fb" />
    <UnitTestResult executionId="d716d9f0-f0fd-4f9c-8f35-f34ed33c9c86" testId="576cdb34-0264-a4ac-1f60-415d6ca89e4f" testName="EdgeLink.Tests.Unit.MaskProcessorTests.MultipleFields_AllSubstituted" computerName="EXTRA" duration="00:00:00.0000493" startTime="2026-07-20T21:53:08.8677511+08:00" endTime="2026-07-20T21:53:08.8677512+08:00" testType="13cdc9d9-ddb5-4fa4-a97d-d965ccfc6d4b" outcome="Passed" testListId="8c84fa94-04c1-424b-9868-57a2d4851a1d" relativeResultsDirectory="d716d9f0-f0fd-4f9c-8f35-f34ed33c9c86" />
    <UnitTestResult executionId="0b6f109a-2a47-46d3-957d-8a852c7a6155" testId="0ddae775-a83a-9536-cb39-ef46cdb627f3" testName="EdgeLink.Tests.Integration.AuthTests.Status_AfterLogin_ReturnsTrue" computerName="EXTRA" duration="00:00:00.0197911" startTime="2026-07-20T21:53:09.1957825+08:00" endTime="2026-07-20T21:53:09.1957827+08:00" testType="13cdc9d9-ddb5-4fa4-a97d-d965ccfc6d4b" outcome="Passed" testListId="8c84fa94-04c1-424b-9868-57a2d4851a1d" relativeResultsDirectory="0b6f109a-2a47-46d3-957d-8a852c7a6155" />
    <UnitTestResult executionId="8d855698-4b49-4b25-9449-d72388493ce7" testId="08acd183-11e7-3079-a22d-28a633661248" testName="EdgeLink.Tests.Unit.AuditFixTests.RequiredRegisters_MatchesDataTypeWidth(dataType: &quot;float32&quot;, expected: 2)" computerName="EXTRA" duration="00:00:00.0001201" startTime="2026-07-20T21:53:08.8682531+08:00" endTime="2026-07-20T21:53:08.8682531+08:00" testType="13cdc9d9-ddb5-4fa4-a97d-d965ccfc6d4b" outcome="Passed" testListId="8c84fa94-04c1-424b-9868-57a2d4851a1d" relativeResultsDirectory="8d855698-4b49-4b25-9449-d72388493ce7" />
    <UnitTestResult executionId="c3d4732c-5b24-42db-8249-450480a8af44" testId="84c61143-ffcf-d2bc-fe56-eb45154a9c38" testName="EdgeLink.Tests.Integration.RoutingTests.Route_ConcurrentMode_CorrelationIdInjectedInRequest" computerName="EXTRA" duration="00:00:04.3662919" startTime="2026-07-20T21:54:14.6997408+08:00" endTime="2026-07-20T21:54:14.6997411+08:00" testType="13cdc9d9-ddb5-4fa4-a97d-d965ccfc6d4b" outcome="Passed" testListId="8c84fa94-04c1-424b-9868-57a2d4851a1d" relativeResultsDirectory="c3d4732c-5b24-42db-8249-450480a8af44" />
    <UnitTestResult executionId="a23ee4b5-4402-4a49-9b6a-96f677b91829" testId="1ebb85ce-d7ee-5ca4-3c86-9ed9413f9a6a" testName="EdgeLink.Tests.Integration.PortTests.AddUdpPort_Returns201" computerName="EXTRA" duration="00:00:00.0266067" startTime="2026-07-20T21:53:15.0268427+08:00" endTime="2026-07-20T21:53:15.0268429+08:00" testType="13cdc9d9-ddb5-4fa4-a97d-d965ccfc6d4b" outcome="Passed" testListId="8c84fa94-04c1-424b-9868-57a2d4851a1d" relativeResultsDirectory="a23ee4b5-4402-4a49-9b6a-96f677b91829" />
    <UnitTestResult executionId="036c0d6f-5b29-4c6f-b839-775ae953e44c" testId="efe484db-8b01-c76b-de68-f36226b57acf" testName="EdgeLink.Tests.Unit.BinaryStreamFramerTests.EndToEnd_FramerPlusDecoder" computerName="EXTRA" duration="00:00:00.0058433" startTime="2026-07-20T21:53:08.8673869+08:00" endTime="2026-07-20T21:53:08.8673869+08:00" testType="13cdc9d9-ddb5-4fa4-a97d-d965ccfc6d4b" outcome="Passed" testListId="8c84fa94-04c1-424b-9868-57a2d4851a1d" relativeResultsDirectory="036c0d6f-5b29-4c6f-b839-775ae953e44c" />
    <UnitTestResult executionId="2bb00326-da0d-4f0b-a49f-0d2fa3885cff" testId="63253bfc-670e-7ace-8d84-6e1da955ba6d" testName="EdgeLink.Tests.Unit.AuditFixTests.FromJson_ValidJson_StillDeserialises" computerName="EXTRA" duration="00:00:00.0003538" startTime="2026-07-20T21:53:08.8756715+08:00" endTime="2026-07-20T21:53:08.8756716+08:00" testType="13cdc9d9-ddb5-4fa4-a97d-d965ccfc6d4b" outcome="Passed" testListId="8c84fa94-04c1-424b-9868-57a2d4851a1d" relativeResultsDirectory="2bb00326-da0d-4f0b-a49f-0d2fa3885cff" />
    <UnitTestResult executionId="df9ccec9-3894-4cbe-be51-0f96a6448d03" testId="9db619e6-8bf0-e434-3de4-1f17eefc3d87" testName="EdgeLink.Tests.Unit.AuditFixTests.Validate_ZeroLengthVariantWithSync_IsRejected" computerName="EXTRA" duration="00:00:00.0138583" startTime="2026-07-20T21:53:08.8679784+08:00" endTime="2026-07-20T21:53:08.8679784+08:00" testType="13cdc9d9-ddb5-4fa4-a97d-d965ccfc6d4b" outcome="Passed" testListId="8c84fa94-04c1-424b-9868-57a2d4851a1d" relativeResultsDirectory="df9ccec9-3894-4cbe-be51-0f96a6448d03" />
    <UnitTestResult executionId="da784563-ad10-40a9-8027-02c14e97b0d1" testId="0c9837fb-e62e-ebc0-6d00-6a41385691f8" testName="EdgeLink.Tests.Integration.TcpNetworkTests.EnabledPort_ThenDisabled_StopsAccepting" computerName="EXTRA" duration="00:00:05.8904037" startTime="2026-07-20T21:55:08.3936177+08:00" endTime="2026-07-20T21:55:08.3936180+08:00" testType="13cdc9d9-ddb5-4fa4-a97d-d965ccfc6d4b" outcome="Passed" testListId="8c84fa94-04c1-424b-9868-57a2d4851a1d" relativeResultsDirectory="da784563-ad10-40a9-8027-02c14e97b0d1" />
    <UnitTestResult executionId="2f3688ff-19ab-4879-a16d-838fc9a698c8" testId="139d32f3-5c75-2a4a-f8b4-42ffcd3e1287" testName="EdgeLink.Tests.Unit.MaskProcessorTests.CustomKvSeparator_Works" computerName="EXTRA" duration="00:00:00.0000515" startTime="2026-07-20T21:53:08.8677211+08:00" endTime="2026-07-20T21:53:08.8677211+08:00" testType="13cdc9d9-ddb5-4fa4-a97d-d965ccfc6d4b" outcome="Passed" testListId="8c84fa94-04c1-424b-9868-57a2d4851a1d" relativeResultsDirectory="2f3688ff-19ab-4879-a16d-838fc9a698c8" />
    <UnitTestResult executionId="9b123001-59b3-4dee-ae1f-85e6d14b1323" testId="7d2cbebe-b1a1-21de-824a-55def8975905" testName="EdgeLink.Tests.Integration.PortTests.DeletePort_RemovesFromList" computerName="EXTRA" duration="00:00:00.3462435" startTime="2026-07-20T21:53:15.6278369+08:00" endTime="2026-07-20T21:53:15.6278370+08:00" testType="13cdc9d9-ddb5-4fa4-a97d-d965ccfc6d4b" outcome="Passed" testListId="8c84fa94-04c1-424b-9868-57a2d4851a1d" relativeResultsDirectory="9b123001-59b3-4dee-ae1f-85e6d14b1323" />
    <UnitTestResult executionId="adfbbf93-0cac-4b2e-be0c-05c34f8ba79f" testId="ccdcb296-24d6-150d-15e3-be39f183daa4" testName="EdgeLink.Tests.Integration.PortTests.UpdatePort_AppliesNewModbusConfig" computerName="EXTRA" duration="00:00:00.0420378" startTime="2026-07-20T21:53:15.1963913+08:00" endTime="2026-07-20T21:53:15.1963926+08:00" testType="13cdc9d9-ddb5-4fa4-a97d-d965ccfc6d4b" outcome="Passed" testListId="8c84fa94-04c1-424b-9868-57a2d4851a1d" relativeResultsDirectory="adfbbf93-0cac-4b2e-be0c-05c34f8ba79f" />
    <UnitTestResult executionId="8313748b-fd19-4aa1-b344-0fc756de9eb6" testId="ca00dd2c-17e2-d317-a8d3-0e33b1f0f2e9" testName="EdgeLink.Tests.Integration.MaskTests.RenameMask_NonExistent_Returns404" computerName="EXTRA" duration="00:00:00.0010384" startTime="2026-07-20T21:53:09.5500281+08:00" endTime="2026-07-20T21:53:09.5500282+08:00" testType="13cdc9d9-ddb5-4fa4-a97d-d965ccfc6d4b" outcome="Passed" testListId="8c84fa94-04c1-424b-9868-57a2d4851a1d" relativeResultsDirectory="8313748b-fd19-4aa1-b344-0fc756de9eb6" />
    <UnitTestResult executionId="4d955852-de9f-44da-b57a-58a3426a1495" testId="4e28ef3d-32e4-974a-613b-d2ec30efdd9f" testName="EdgeLink.Tests.Unit.AuditFixTests.Validate_FieldPastPacketLength_IsRejected" computerName="EXTRA" duration="00:00:00.0000713" startTime="2026-07-20T21:53:08.8765392+08:00" endTime="2026-07-20T21:53:08.8765392+08:00" testType="13cdc9d9-ddb5-4fa4-a97d-d965ccfc6d4b" outcome="Passed" testListId="8c84fa94-04c1-424b-9868-57a2d4851a1d" relativeResultsDirectory="4d955852-de9f-44da-b57a-58a3426a1495" />
    <UnitTestResult executionId="eff41236-8a86-4541-9314-6e750fd29b81" testId="58aa6b31-dd05-dc64-ae6b-afc7e92e6450" testName="EdgeLink.Tests.Integration.SettingsTests.ExportThenImport_RoundTrip" computerName="EXTRA" duration="00:00:00.0365449" startTime="2026-07-20T21:54:58.5496829+08:00" endTime="2026-07-20T21:54:58.5496831+08:00" testType="13cdc9d9-ddb5-4fa4-a97d-d965ccfc6d4b" outcome="Passed" testListId="8c84fa94-04c1-424b-9868-57a2d4851a1d" relativeResultsDirectory="eff41236-8a86-4541-9314-6e750fd29b81" />
    <UnitTestResult executionId="c497a4a0-164e-41f8-9d91-0671e4c8f5e3" testId="ac7c90db-c830-3186-50fb-b88623b041ca" testName="EdgeLink.Tests.Unit.MaskProcessorTests.ExtraFields_OverrideExtracted" computerName="EXTRA" duration="00:00:00.0129991" startTime="2026-07-20T21:53:08.8673653+08:00" endTime="2026-07-20T21:53:08.8673654+08:00" testType="13cdc9d9-ddb5-4fa4-a97d-d965ccfc6d4b" outcome="Passed" testListId="8c84fa94-04c1-424b-9868-57a2d4851a1d" relativeResultsDirectory="c497a4a0-164e-41f8-9d91-0671e4c8f5e3" />
    <UnitTestResult executionId="bbe3e63c-3bf2-4f26-95b4-a50a48b23d1a" testId="ab341dfe-91e9-9da0-9860-71d476e9f60b" testName="EdgeLink.Tests.Unit.BinaryStreamFramerTests.Frames_AcrossSplitChunks" computerName="EXTRA" duration="00:00:00.0003689" startTime="2026-07-20T21:53:08.8677319+08:00" endTime="2026-07-20T21:53:08.8677320+08:00" testType="13cdc9d9-ddb5-4fa4-a97d-d965ccfc6d4b" outcome="Passed" testListId="8c84fa94-04c1-424b-9868-57a2d4851a1d" relativeResultsDirectory="bbe3e63c-3bf2-4f26-95b4-a50a48b23d1a" />
    <UnitTestResult executionId="5ea0d918-a397-4f75-9581-b931a8a30275" testId="a6cf186c-b81f-09e1-92c2-2a0f431b36e4" testName="EdgeLink.Tests.Unit.AppConfigTests.Defaults_WhenNoArgs_AreApplied" computerName="EXTRA" duration="00:00:00.0064306" startTime="2026-07-20T21:53:08.8450114+08:00" endTime="2026-07-20T21:53:08.8450114+08:00" testType="13cdc9d9-ddb5-4fa4-a97d-d965ccfc6d4b" outcome="Passed" testListId="8c84fa94-04c1-424b-9868-57a2d4851a1d" relativeResultsDirectory="5ea0d918-a397-4f75-9581-b931a8a30275" />
    <UnitTestResult executionId="87986cfa-dc2c-4105-b3f7-75fc2c4544c7" testId="e7b6ebbe-4c6d-1531-c2c0-daa876a6b347" testName="EdgeLink.Tests.Integration.MonitorTests.SetMonitorPort_ValidPort_Returns200" computerName="EXTRA" duration="00:00:00.0161375" startTime="2026-07-20T21:53:13.9828591+08:00" endTime="2026-07-20T21:53:13.9828593+08:00" testType="13cdc9d9-ddb5-4fa4-a97d-d965ccfc6d4b" outcome="Passed" testListId="8c84fa94-04c1-424b-9868-57a2d4851a1d" relativeResultsDirectory="87986cfa-dc2c-4105-b3f7-75fc2c4544c7" />
    <UnitTestResult executionId="7800cbb6-0909-4b06-be43-e5474a7235d5" testId="ba0b472b-ed76-e6a4-e5ce-a939e0185e64" testName="EdgeLink.Tests.Integration.MonitorTests.GetMonitorLogs_Returns200WithLogsArray" computerName="EXTRA" duration="00:00:00.0036759" startTime="2026-07-20T21:53:13.2668133+08:00" endTime="2026-07-20T21:53:13.2668134+08:00" testType="13cdc9d9-ddb5-4fa4-a97d-d965ccfc6d4b" outcome="Passed" testListId="8c84fa94-04c1-424b-9868-57a2d4851a1d" relativeResultsDirectory="7800cbb6-0909-4b06-be43-e5474a7235d5" />
    <UnitTestResult executionId="8b4212af-37d2-4878-a160-4137246ec079" testId="07378570-892d-1281-255e-2a6eae3ac0e1" testName="EdgeLink.Tests.Unit.AuditFixTests.Validate_IntegerOnlyFormatString_IsRejected" computerName="EXTRA" duration="00:00:00.0001576" startTime="2026-07-20T21:53:08.8757413+08:00" endTime="2026-07-20T21:53:08.8757414+08:00" testType="13cdc9d9-ddb5-4fa4-a97d-d965ccfc6d4b" outcome="Passed" testListId="8c84fa94-04c1-424b-9868-57a2d4851a1d" relativeResultsDirectory="8b4212af-37d2-4878-a160-4137246ec079" />
    <UnitTestResult executionId="b028404d-fed7-43e2-8b03-3b3780f2efd6" testId="f8a782b7-84ee-7aed-0fb0-7212c27d4725" testName="EdgeLink.Tests.Integration.RoutingTests.Route_MultipleClients_SameSource_AllReceiveMessage" computerName="EXTRA" duration="00:00:05.1486764" startTime="2026-07-20T21:53:56.5155442+08:00" endTime="2026-07-20T21:53:56.5155444+08:00" testType="13cdc9d9-ddb5-4fa4-a97d-d965ccfc6d4b" outcome="Passed" testListId="8c84fa94-04c1-424b-9868-57a2d4851a1d" relativeResultsDirectory="b028404d-fed7-43e2-8b03-3b3780f2efd6" />
    <UnitTestResult executionId="d2c2abd5-5aa1-4608-99b2-93623e35a7cc" testId="70cf19e8-e6c8-6732-9321-52553f6252c0" testName="EdgeLink.Tests.Integration.PortTests.AddPort_DuplicateProtocolName_Returns409" computerName="EXTRA" duration="00:00:00.0217108" startTime="2026-07-20T21:53:17.9481447+08:00" endTime="2026-07-20T21:53:17.9481450+08:00" testType="13cdc9d9-ddb5-4fa4-a97d-d965ccfc6d4b" outcome="Passed" testListId="8c84fa94-04c1-424b-9868-57a2d4851a1d" relativeResultsDirectory="d2c2abd5-5aa1-4608-99b2-93623e35a7cc" />
    <UnitTestResult executionId="91b4ec31-83b0-4851-b400-57181dc63d60" testId="34858a0a-2c66-52be-b664-49c9ddc5a9af" testName="EdgeLink.Tests.Integration.PortTests.AddPort_MissingNetProtocol_Returns400" computerName="EXTRA" duration="00:00:00.0029043" startTime="2026-07-20T21:53:18.7381899+08:00" endTime="2026-07-20T21:53:18.7381900+08:00" testType="13cdc9d9-ddb5-4fa4-a97d-d965ccfc6d4b" outcome="Passed" testListId="8c84fa94-04c1-424b-9868-57a2d4851a1d" relativeResultsDirectory="91b4ec31-83b0-4851-b400-57181dc63d60" />
    <UnitTestResult executionId="36d5bc7c-f773-4db1-842a-16f6d2586744" testId="7a464c60-b781-63c0-ee30-df618f92da20" testName="EdgeLink.Tests.Integration.PortTests.GetClients_ForTcpServerPort_ReturnsEmptyList" computerName="EXTRA" duration="00:00:00.0282337" startTime="2026-07-20T21:53:18.7026460+08:00" endTime="2026-07-20T21:53:18.7026463+08:00" testType="13cdc9d9-ddb5-4fa4-a97d-d965ccfc6d4b" outcome="Passed" testListId="8c84fa94-04c1-424b-9868-57a2d4851a1d" relativeResultsDirectory="36d5bc7c-f773-4db1-842a-16f6d2586744" />
    <UnitTestResult executionId="b8f07265-c094-462e-993b-a026cf6dee3e" testId="27d865fa-acc0-42a6-09a9-ef0c0bc4ab3e" testName="EdgeLink.Tests.Unit.AppConfigTests.Port_FallsBackToEnvVar" computerName="EXTRA" duration="00:00:00.0002028" startTime="2026-07-20T21:53:08.8669090+08:00" endTime="2026-07-20T21:53:08.8669090+08:00" testType="13cdc9d9-ddb5-4fa4-a97d-d965ccfc6d4b" outcome="Passed" testListId="8c84fa94-04c1-424b-9868-57a2d4851a1d" relativeResultsDirectory="b8f07265-c094-462e-993b-a026cf6dee3e" />
    <UnitTestResult executionId="549a6f64-f9ff-414f-b354-a58f10da473b" testId="77b376dc-32f2-bcda-794c-4b9f4615fc84" testName="EdgeLink.Tests.Integration.MaskTests.GetDefinition_NonExistent_Returns404" computerName="EXTRA" duration="00:00:00.0012090" startTime="2026-07-20T21:53:09.4697679+08:00" endTime="2026-07-20T21:53:09.4697680+08:00" testType="13cdc9d9-ddb5-4fa4-a97d-d965ccfc6d4b" outcome="Passed" testListId="8c84fa94-04c1-424b-9868-57a2d4851a1d" relativeResultsDirectory="549a6f64-f9ff-414f-b354-a58f10da473b" />
    <UnitTestResult executionId="e65ae0a5-0e68-4d06-96cd-bd0a7778372a" testId="b30fe1e1-9ae1-a9b8-dcbf-c2981c1b6b20" testName="EdgeLink.Tests.Unit.AppConfigTests.MissingPortValue_UsesDefault" computerName="EXTRA" duration="00:00:00.0000784" startTime="2026-07-20T21:53:08.8669946+08:00" endTime="2026-07-20T21:53:08.8669946+08:00" testType="13cdc9d9-ddb5-4fa4-a97d-d965ccfc6d4b" outcome="Passed" testListId="8c84fa94-04c1-424b-9868-57a2d4851a1d" relativeResultsDirectory="e65ae0a5-0e68-4d06-96cd-bd0a7778372a" />
    <UnitTestResult executionId="648e8d42-1b1c-4e9b-86f9-0d921004249c" testId="1a9d380c-a7c4-5105-22a7-c1af61f25435" testName="EdgeLink.Tests.Integration.PortTests.AddPort_AppearsInList" computerName="EXTRA" duration="00:00:00.0310087" startTime="2026-07-20T21:53:16.7595983+08:00" endTime="2026-07-20T21:53:16.7595985+08:00" testType="13cdc9d9-ddb5-4fa4-a97d-d965ccfc6d4b" outcome="Passed" testListId="8c84fa94-04c1-424b-9868-57a2d4851a1d" relativeResultsDirectory="648e8d42-1b1c-4e9b-86f9-0d921004249c" />
    <UnitTestResult executionId="71a2b3c6-df1f-4223-8e00-4d463e09c462" testId="09cc6ee0-ed03-8904-7a77-6d5b0501c393" testName="EdgeLink.Tests.Unit.AppConfigTests.NoHttps_Flag_DisablesHttps" computerName="EXTRA" duration="00:00:00.0002200" startTime="2026-07-20T21:53:08.8658485+08:00" endTime="2026-07-20T21:53:08.8658486+08:00" testType="13cdc9d9-ddb5-4fa4-a97d-d965ccfc6d4b" outcome="Passed" testListId="8c84fa94-04c1-424b-9868-57a2d4851a1d" relativeResultsDirectory="71a2b3c6-df1f-4223-8e00-4d463e09c462" />
    <UnitTestResult executionId="1134573b-f398-473d-ae30-e9dec2661500" testId="724d34e5-97cb-205a-5141-32f17cfcce87" testName="EdgeLink.Tests.Integration.RoutingTests.Route_ResponseMask_OriginalData_PassesThroughUnchanged" computerName="EXTRA" duration="00:00:04.3181805" startTime="2026-07-20T21:54:01.2000213+08:00" endTime="2026-07-20T21:54:01.2000216+08:00" testType="13cdc9d9-ddb5-4fa4-a97d-d965ccfc6d4b" outcome="Passed" testListId="8c84fa94-04c1-424b-9868-57a2d4851a1d" relativeResultsDirectory="1134573b-f398-473d-ae30-e9dec2661500" />
    <UnitTestResult executionId="bdc2323e-b7fc-4bfe-a70e-7fea92e53eab" testId="a9dee58e-1a6e-3fea-bc7a-c5b26fcd9755" testName="EdgeLink.Tests.Integration.TcpNetworkTests.TcpServer_AfterDisconnect_ClientRemovedFromList" computerName="EXTRA" duration="00:00:04.0410237" startTime="2026-07-20T21:55:44.7581769+08:00" endTime="2026-07-20T21:55:44.7581771+08:00" testType="13cdc9d9-ddb5-4fa4-a97d-d965ccfc6d4b" outcome="Passed" testListId="8c84fa94-04c1-424b-9868-57a2d4851a1d" relativeResultsDirectory="bdc2323e-b7fc-4bfe-a70e-7fea92e53eab" />
    <UnitTestResult executionId="922262f1-f970-4c34-be89-a050b137a046" testId="5236236e-a1ff-6117-d287-21d2dafa4f7f" testName="EdgeLink.Tests.Integration.AuthTests.ProtectedEndpoints_WithoutAuth_Return401(method: &quot;GET&quot;, url: &quot;/api/settings/export&quot;)" computerName="EXTRA" duration="00:00:00.0009428" startTime="2026-07-20T21:53:09.1024215+08:00" endTime="2026-07-20T21:53:09.1024216+08:00" testType="13cdc9d9-ddb5-4fa4-a97d-d965ccfc6d4b" outcome="Passed" testListId="8c84fa94-04c1-424b-9868-57a2d4851a1d" relativeResultsDirectory="922262f1-f970-4c34-be89-a050b137a046" />
    <UnitTestResult executionId="4a1805bb-4b09-4429-8f23-979a36b202ce" testId="a6c0dc30-3474-3e2e-fd57-8d023976cebd" testName="EdgeLink.Tests.Integration.MonitorTests.GetLogs_Returns200WithLogsArray" computerName="EXTRA" duration="00:00:00.0010617" startTime="2026-07-20T21:53:14.0448081+08:00" endTime="2026-07-20T21:53:14.0448081+08:00" testType="13cdc9d9-ddb5-4fa4-a97d-d965ccfc6d4b" outcome="Passed" testListId="8c84fa94-04c1-424b-9868-57a2d4851a1d" relativeResultsDirectory="4a1805bb-4b09-4429-8f23-979a36b202ce" />
    <UnitTestResult executionId="de320593-22fc-4615-a560-98cfa68f7d0a" testId="4fd175b8-1035-1ce7-2505-faf360a424a7" testName="EdgeLink.Tests.Unit.AuditFixTests.Decode_AbsurdOffset_DoesNotThrow" computerName="EXTRA" duration="00:00:00.0000970" startTime="2026-07-20T21:53:08.8757813+08:00" endTime="2026-07-20T21:53:08.8757814+08:00" testType="13cdc9d9-ddb5-4fa4-a97d-d965ccfc6d4b" outcome="Passed" testListId="8c84fa94-04c1-424b-9868-57a2d4851a1d" relativeResultsDirectory="de320593-22fc-4615-a560-98cfa68f7d0a" />
    <UnitTestResult executionId="abd97a71-5c5a-407d-a05b-8b71dcb26408" testId="dd1c6d43-d79a-7aa3-97ae-7388a7133b75" testName="EdgeLink.Tests.Unit.ModbusLogThrottleTests.FirstError_IsLogged" computerName="EXTRA" duration="00:00:00.0042734" startTime="2026-07-20T21:53:08.8449952+08:00" endTime="2026-07-20T21:53:08.8449952+08:00" testType="13cdc9d9-ddb5-4fa4-a97d-d965ccfc6d4b" outcome="Passed" testListId="8c84fa94-04c1-424b-9868-57a2d4851a1d" relativeResultsDirectory="abd97a71-5c5a-407d-a05b-8b71dcb26408" />
    <UnitTestResult executionId="f499518c-3159-44a1-8cde-e3628ed61adc" testId="e4ea7c39-6606-215e-6439-eb24fbd07369" testName="EdgeLink.Tests.Unit.MaskProcessorTests.RawTemplate_ReturnsOriginalText" computerName="EXTRA" duration="00:00:00.0000450" startTime="2026-07-20T21:53:08.8679302+08:00" endTime="2026-07-20T21:53:08.8679303+08:00" testType="13cdc9d9-ddb5-4fa4-a97d-d965ccfc6d4b" outcome="Passed" testListId="8c84fa94-04c1-424b-9868-57a2d4851a1d" relativeResultsDirectory="f499518c-3159-44a1-8cde-e3628ed61adc" />
    <UnitTestResult executionId="706f2696-07a9-4c27-b8da-6747d8ebec48" testId="1b7626bf-1123-71bd-8161-a157764e148b" testName="EdgeLink.Tests.Unit.AuditFixTests.Validate_NullSpec_IsAllowed" computerName="EXTRA" duration="00:00:00.0000388" startTime="2026-07-20T21:53:08.8757074+08:00" endTime="2026-07-20T21:53:08.8757074+08:00" testType="13cdc9d9-ddb5-4fa4-a97d-d965ccfc6d4b" outcome="Passed" testListId="8c84fa94-04c1-424b-9868-57a2d4851a1d" relativeResultsDirectory="706f2696-07a9-4c27-b8da-6747d8ebec48" />
    <UnitTestResult executionId="e1294a82-68af-4ef5-8185-c895716a0541" testId="73ef1a35-94fb-8a53-b328-47ede18e037a" testName="EdgeLink.Tests.Integration.SettingsTests.Export_IncludesCreatedPort" computerName="EXTRA" duration="00:00:00.0208249" startTime="2026-07-20T21:54:58.0076810+08:00" endTime="2026-07-20T21:54:58.0076812+08:00" testType="13cdc9d9-ddb5-4fa4-a97d-d965ccfc6d4b" outcome="Passed" testListId="8c84fa94-04c1-424b-9868-57a2d4851a1d" relativeResultsDirectory="e1294a82-68af-4ef5-8185-c895716a0541" />
    <UnitTestResult executionId="1080eed4-3ef4-4a66-b550-343430da9321" testId="e5005bf1-852c-0a4c-fd88-aadf77eaddf8" testName="EdgeLink.Tests.Unit.AppConfigTests.Cli_TakesPriorityOverEnv" computerName="EXTRA" duration="00:00:00.0001186" startTime="2026-07-20T21:53:08.8670260+08:00" endTime="2026-07-20T21:53:08.8670260+08:00" testType="13cdc9d9-ddb5-4fa4-a97d-d965ccfc6d4b" outcome="Passed" testListId="8c84fa94-04c1-424b-9868-57a2d4851a1d" relativeResultsDirectory="1080eed4-3ef4-4a66-b550-343430da9321" />
    <UnitTestResult executionId="2875e7fd-924d-410d-ac0e-49919488b9e5" testId="2c4df2c2-6551-b0f2-db3c-2e91c8ad433b" testName="EdgeLink.Tests.Integration.AuthTests.ProtectedEndpoints_WithoutAuth_Return401(method: &quot;GET&quot;, url: &quot;/api/masks&quot;)" computerName="EXTRA" duration="00:00:00.0018079" startTime="2026-07-20T21:53:09.0992731+08:00" endTime="2026-07-20T21:53:09.0992733+08:00" testType="13cdc9d9-ddb5-4fa4-a97d-d965ccfc6d4b" outcome="Passed" testListId="8c84fa94-04c1-424b-9868-57a2d4851a1d" relativeResultsDirectory="2875e7fd-924d-410d-ac0e-49919488b9e5" />
    <UnitTestResult executionId="f580c775-053d-4ad2-9541-f84d929b7b0b" testId="711abe26-1a80-c93c-a036-9d7476485398" testName="EdgeLink.Tests.Integration.SettingsTests.Import_SkipsDuplicatePorts" computerName="EXTRA" duration="00:00:00.0254032" startTime="2026-07-20T21:54:58.3920525+08:00" endTime="2026-07-20T21:54:58.3920528+08:00" testType="13cdc9d9-ddb5-4fa4-a97d-d965ccfc6d4b" outcome="Passed" testListId="8c84fa94-04c1-424b-9868-57a2d4851a1d" relativeResultsDirectory="f580c775-053d-4ad2-9541-f84d929b7b0b" />
    <UnitTestResult executionId="3bd650fe-f3e5-4a06-bffe-b90ec1f641dc" testId="380075b1-43a2-e7ed-959b-3c342e0c2c07" testName="EdgeLink.Tests.Integration.RoutingTests.Route_BroadcastMode_AllDevicesReceiveResponse" computerName="EXTRA" duration="00:00:07.5584753" startTime="2026-07-20T21:53:46.0748964+08:00" endTime="2026-07-20T21:53:46.0748967+08:00" testType="13cdc9d9-ddb5-4fa4-a97d-d965ccfc6d4b" outcome="Passed" testListId="8c84fa94-04c1-424b-9868-57a2d4851a1d" relativeResultsDirectory="3bd650fe-f3e5-4a06-bffe-b90ec1f641dc" />
    <UnitTestResult executionId="da3d8fd5-3cad-4479-a2c7-419d46602e2c" testId="59b60ae3-cbe6-2125-922f-3247c8a8c1cd" testName="EdgeLink.Tests.Unit.AuditFixTests.Validate_GoodSpec_ReturnsNull" computerName="EXTRA" duration="00:00:00.0000944" startTime="2026-07-20T21:53:08.8756307+08:00" endTime="2026-07-20T21:53:08.8756308+08:00" testType="13cdc9d9-ddb5-4fa4-a97d-d965ccfc6d4b" outcome="Passed" testListId="8c84fa94-04c1-424b-9868-57a2d4851a1d" relativeResultsDirectory="da3d8fd5-3cad-4479-a2c7-419d46602e2c" />
    <UnitTestResult executionId="a1215a2b-8489-419d-924f-bae27a352ea2" testId="3a6d06d5-8357-423d-09f5-ffb300c83863" testName="EdgeLink.Tests.Unit.LoginThrottleTests.FurtherFailures_ExtendLockout" computerName="EXTRA" duration="00:00:00.0001603" startTime="2026-07-20T21:53:08.8669244+08:00" endTime="2026-07-20T21:53:08.8669244+08:00" testType="13cdc9d9-ddb5-4fa4-a97d-d965ccfc6d4b" outcome="Passed" testListId="8c84fa94-04c1-424b-9868-57a2d4851a1d" relativeResultsDirectory="a1215a2b-8489-419d-924f-bae27a352ea2" />
    <UnitTestResult executionId="d085aac8-3aa1-47dc-ae85-e57d3e72e245" testId="d82ff17f-248f-9b73-a1b3-4127ab776dac" testName="EdgeLink.Tests.Unit.AuditFixTests.Validate_BadByteOrder_IsRejected" computerName="EXTRA" duration="00:00:00.0000837" startTime="2026-07-20T21:53:08.8686322+08:00" endTime="2026-07-20T21:53:08.8686322+08:00" testType="13cdc9d9-ddb5-4fa4-a97d-d965ccfc6d4b" outcome="Passed" testListId="8c84fa94-04c1-424b-9868-57a2d4851a1d" relativeResultsDirectory="d085aac8-3aa1-47dc-ae85-e57d3e72e245" />
    <UnitTestResult executionId="a5952492-efc6-4cbf-a499-fb219da46176" testId="5b03e857-8d4e-e24a-bb8c-0e876905a606" testName="EdgeLink.Tests.Integration.MonitorTests.GetMonitorPort_Initially_ReturnsEmpty" computerName="EXTRA" duration="00:00:00.0013239" startTime="2026-07-20T21:53:10.2023730+08:00" endTime="2026-07-20T21:53:10.2023731+08:00" testType="13cdc9d9-ddb5-4fa4-a97d-d965ccfc6d4b" outcome="Passed" testListId="8c84fa94-04c1-424b-9868-57a2d4851a1d" relativeResultsDirectory="a5952492-efc6-4cbf-a499-fb219da46176" />
    <UnitTestResult executionId="e25c5207-2803-4ed7-b39b-8bcc0cfa7c58" testId="c9dac8f3-cf54-3674-810b-14fd321d562f" testName="EdgeLink.Tests.Unit.AsyncMessageQueueTests.EmptyQueue_BlocksUntilCancelled" computerName="EXTRA" duration="00:00:00.2108861" startTime="2026-07-20T21:53:09.0464765+08:00" endTime="2026-07-20T21:53:09.0464767+08:00" testType="13cdc9d9-ddb5-4fa4-a97d-d965ccfc6d4b" outcome="Passed" testListId="8c84fa94-04c1-424b-9868-57a2d4851a1d" relativeResultsDirectory="e25c5207-2803-4ed7-b39b-8bcc0cfa7c58" />
    <UnitTestResult executionId="14eecb7d-446f-4e09-86e1-cd85e46a70db" testId="5a4d5f8c-e639-ad99-b4bb-51aa37fa7ad5" testName="EdgeLink.Tests.Unit.MaskProcessorTests.SamePlaceholderTwice_BothReplaced" computerName="EXTRA" duration="00:00:00.0000558" startTime="2026-07-20T21:53:08.8682234+08:00" endTime="2026-07-20T21:53:08.8682234+08:00" testType="13cdc9d9-ddb5-4fa4-a97d-d965ccfc6d4b" outcome="Passed" testListId="8c84fa94-04c1-424b-9868-57a2d4851a1d" relativeResultsDirectory="14eecb7d-446f-4e09-86e1-cd85e46a70db" />
    <UnitTestResult executionId="b6ae19d1-f478-451a-9079-ec64e03b262e" testId="cf1e4bff-123e-689e-6518-3b5e072c110d" testName="EdgeLink.Tests.Unit.LoginThrottleTests.FewFailures_DoNotLockOut" computerName="EXTRA" duration="00:00:00.0044679" startTime="2026-07-20T21:53:08.8421291+08:00" endTime="2026-07-20T21:53:08.8421579+08:00" testType="13cdc9d9-ddb5-4fa4-a97d-d965ccfc6d4b" outcome="Passed" testListId="8c84fa94-04c1-424b-9868-57a2d4851a1d" relativeResultsDirectory="b6ae19d1-f478-451a-9079-ec64e03b262e" />
    <UnitTestResult executionId="19acc127-9091-45d9-a962-ae81dcb06671" testId="e4d56e00-931a-e33c-a6b7-4d6ba85b47e6" testName="EdgeLink.Tests.Unit.ModbusLogThrottleTests.ThrottleIsPerRegister" computerName="EXTRA" duration="00:00:00.0001873" startTime="2026-07-20T21:53:08.8668824+08:00" endTime="2026-07-20T21:53:08.8668825+08:00" testType="13cdc9d9-ddb5-4fa4-a97d-d965ccfc6d4b" outcome="Passed" testListId="8c84fa94-04c1-424b-9868-57a2d4851a1d" relativeResultsDirectory="19acc127-9091-45d9-a962-ae81dcb06671" />
    <UnitTestResult executionId="d5d65a88-8714-485e-bb14-f6c53a50092e" testId="c8331c8f-259b-8e0d-167d-1d8058d25d48" testName="EdgeLink.Tests.Integration.RoutingTests.Route_RequestMask_MissingField_MessageDropped" computerName="EXTRA" duration="00:00:05.8580911" startTime="2026-07-20T21:54:38.2971210+08:00" endTime="2026-07-20T21:54:38.2971212+08:00" testType="13cdc9d9-ddb5-4fa4-a97d-d965ccfc6d4b" outcome="Passed" testListId="8c84fa94-04c1-424b-9868-57a2d4851a1d" relativeResultsDirectory="d5d65a88-8714-485e-bb14-f6c53a50092e" />
    <UnitTestResult executionId="dfc2f2c5-76a3-499a-8cb9-786bd10ad725" testId="3bc1ae33-8214-e928-5670-9400d317f1f8" testName="EdgeLink.Tests.Unit.AppConfigTests.HttpsDisabled_ByEnvVar" computerName="EXTRA" duration="00:00:00.0001339" startTime="2026-07-20T21:53:08.8669303+08:00" endTime="2026-07-20T21:53:08.8669304+08:00" testType="13cdc9d9-ddb5-4fa4-a97d-d965ccfc6d4b" outcome="Passed" testListId="8c84fa94-04c1-424b-9868-57a2d4851a1d" relativeResultsDirectory="dfc2f2c5-76a3-499a-8cb9-786bd10ad725" />
    <UnitTestResult executionId="4ed577a0-b975-4047-904d-fa977c8e3131" testId="bb799100-6a65-11b8-5639-766aa62cc3e0" testName="EdgeLink.Tests.Unit.MaskProcessorTests.SingleField_ExtractedAndApplied" computerName="EXTRA" duration="00:00:00.0000800" startTime="2026-07-20T21:53:08.8680249+08:00" endTime="2026-07-20T21:53:08.8680250+08:00" testType="13cdc9d9-ddb5-4fa4-a97d-d965ccfc6d4b" outcome="Passed" testListId="8c84fa94-04c1-424b-9868-57a2d4851a1d" relativeResultsDirectory="4ed577a0-b975-4047-904d-fa977c8e3131" />
    <UnitTestResult executionId="357040d1-3919-4f9b-be34-6a834068152c" testId="78f6c828-c40a-1bfb-aa84-579194f78ec2" testName="EdgeLink.Tests.Unit.BinaryStreamFramerTests.Resyncs_AfterLeadingGarbage" computerName="EXTRA" duration="00:00:00.0064017" startTime="2026-07-20T21:53:08.8448290+08:00" endTime="2026-07-20T21:53:08.8448290+08:00" testType="13cdc9d9-ddb5-4fa4-a97d-d965ccfc6d4b" outcome="Passed" testListId="8c84fa94-04c1-424b-9868-57a2d4851a1d" relativeResultsDirectory="357040d1-3919-4f9b-be34-6a834068152c" />
    <UnitTestResult executionId="f4e7791b-7764-4441-8ad2-9bb474b7292a" testId="80d698f3-dfc6-6ea6-17df-f03e0d06353b" testName="EdgeLink.Tests.Unit.LoginThrottleTests.Success_ClearsFailures" computerName="EXTRA" duration="00:00:00.0001222" startTime="2026-07-20T21:53:08.8668904+08:00" endTime="2026-07-20T21:53:08.8668904+08:00" testType="13cdc9d9-ddb5-4fa4-a97d-d965ccfc6d4b" outcome="Passed" testListId="8c84fa94-04c1-424b-9868-57a2d4851a1d" relativeResultsDirectory="f4e7791b-7764-4441-8ad2-9bb474b7292a" />
    <UnitTestResult executionId="5e10d397-4cd6-4625-b0d2-4da0c713b06e" testId="b114a267-a905-9da3-2fef-6380c34ed758" testName="EdgeLink.Tests.Integration.MonitorTests.ClearMonitorPort_Returns200" computerName="EXTRA" duration="00:00:00.0013820" startTime="2026-07-20T21:53:14.0144990+08:00" endTime="2026-07-20T21:53:14.0144991+08:00" testType="13cdc9d9-ddb5-4fa4-a97d-d965ccfc6d4b" outcome="Passed" testListId="8c84fa94-04c1-424b-9868-57a2d4851a1d" relativeResultsDirectory="5e10d397-4cd6-4625-b0d2-4da0c713b06e" />
    <UnitTestResult executionId="2c70286c-14df-413f-b2ab-d9be1c5a55e4" testId="ef873b7f-f97d-2df0-f12e-1f8b957795ed" testName="EdgeLink.Tests.Unit.AuditFixTests.Decode_BitIndexBeyondFirstByte_ReadsCorrectBit(bit: 4, expected: &quot;0&quot;)" computerName="EXTRA" duration="00:00:00.0001133" startTime="2026-07-20T21:53:08.8686477+08:00" endTime="2026-07-20T21:53:08.8686477+08:00" testType="13cdc9d9-ddb5-4fa4-a97d-d965ccfc6d4b" outcome="Passed" testListId="8c84fa94-04c1-424b-9868-57a2d4851a1d" relativeResultsDirectory="2c70286c-14df-413f-b2ab-d9be1c5a55e4" />
    <UnitTestResult executionId="dec7cc3d-e723-4135-8bfb-7e1cd7181337" testId="1c74c5ef-01ee-7ede-03ca-519779968fd1" testName="EdgeLink.Tests.Integration.TcpNetworkTests.TcpServer_SendsPingAfterConnect" computerName="EXTRA" duration="00:00:03.2356864" startTime="2026-07-20T21:55:30.5457910+08:00" endTime="2026-07-20T21:55:30.5457914+08:00" testType="13cdc9d9-ddb5-4fa4-a97d-d965ccfc6d4b" outcome="Passed" testListId="8c84fa94-04c1-424b-9868-57a2d4851a1d" relativeResultsDirectory="dec7cc3d-e723-4135-8bfb-7e1cd7181337" />
    <UnitTestResult executionId="86c7b3ea-4817-4981-8b11-9c75c981400b" testId="8940edd2-9d1c-b010-c967-5d7475c30eb6" testName="EdgeLink.Tests.Unit.ModbusLogThrottleTests.RepeatedErrorsWithinWindow_AreSuppressed" computerName="EXTRA" duration="00:00:00.0002051" startTime="2026-07-20T21:53:08.8659062+08:00" endTime="2026-07-20T21:53:08.8659063+08:00" testType="13cdc9d9-ddb5-4fa4-a97d-d965ccfc6d4b" outcome="Passed" testListId="8c84fa94-04c1-424b-9868-57a2d4851a1d" relativeResultsDirectory="86c7b3ea-4817-4981-8b11-9c75c981400b" />
    <UnitTestResult executionId="691d1c78-a2e4-4eea-b9c2-d8c01890884e" testId="d2e1abc2-7854-378d-1266-710b9020ac4b" testName="EdgeLink.Tests.Integration.MonitorTests.SetMonitorPort_ThenGet_ReturnsProtocolName" computerName="EXTRA" duration="00:00:00.0259639" startTime="2026-07-20T21:53:13.6264225+08:00" endTime="2026-07-20T21:53:13.6264227+08:00" testType="13cdc9d9-ddb5-4fa4-a97d-d965ccfc6d4b" outcome="Passed" testListId="8c84fa94-04c1-424b-9868-57a2d4851a1d" relativeResultsDirectory="691d1c78-a2e4-4eea-b9c2-d8c01890884e" />
    <UnitTestResult executionId="dc03784f-b777-4295-a664-72df4f99c94d" testId="a03e7d66-1ae1-ae31-b55e-16d07d49a571" testName="EdgeLink.Tests.Integration.ReconnectTests.TcpClient_AutoReconnects_AfterRemoteConnectionDrops" computerName="EXTRA" duration="00:00:05.7859307" startTime="2026-07-20T21:53:31.2450332+08:00" endTime="2026-07-20T21:53:31.2450334+08:00" testType="13cdc9d9-ddb5-4fa4-a97d-d965ccfc6d4b" outcome="Passed" testListId="8c84fa94-04c1-424b-9868-57a2d4851a1d" relativeResultsDirectory="dc03784f-b777-4295-a664-72df4f99c94d" />
    <UnitTestResult executionId="88cc3394-c189-46b0-8ab9-2f782b52d80d" testId="40144c5e-0ada-6143-6297-43e8b55979ab" testName="EdgeLink.Tests.Integration.PortTests.AddTcpServerPort_Returns201" computerName="EXTRA" duration="00:00:00.0238930" startTime="2026-07-20T21:53:17.5227742+08:00" endTime="2026-07-20T21:53:17.5227745+08:00" testType="13cdc9d9-ddb5-4fa4-a97d-d965ccfc6d4b" outcome="Passed" testListId="8c84fa94-04c1-424b-9868-57a2d4851a1d" relativeResultsDirectory="88cc3394-c189-46b0-8ab9-2f782b52d80d" />
    <UnitTestResult executionId="3307e3c7-0625-43ed-bebc-4abee6ae6f1e" testId="6e9ea193-9b00-ee3a-970f-99279e5f872d" testName="EdgeLink.Tests.Integration.RoutingTests.Route_PollingMode_LatestRequestWins" computerName="EXTRA" duration="00:00:04.5111745" startTime="2026-07-20T21:53:50.9673778+08:00" endTime="2026-07-20T21:53:50.9673778+08:00" testType="13cdc9d9-ddb5-4fa4-a97d-d965ccfc6d4b" outcome="Passed" testListId="8c84fa94-04c1-424b-9868-57a2d4851a1d" relativeResultsDirectory="3307e3c7-0625-43ed-bebc-4abee6ae6f1e" />
    <UnitTestResult executionId="e98ba949-b7a4-4632-aec8-8442b69a6f00" testId="f216804c-19c0-048b-fb2e-33c12510b445" testName="EdgeLink.Tests.Unit.AuditFixTests.RequiredRegisters_MatchesDataTypeWidth(dataType: &quot;uint32&quot;, expected: 2)" computerName="EXTRA" duration="00:00:00.0001575" startTime="2026-07-20T21:53:08.8682652+08:00" endTime="2026-07-20T21:53:08.8682653+08:00" testType="13cdc9d9-ddb5-4fa4-a97d-d965ccfc6d4b" outcome="Passed" testListId="8c84fa94-04c1-424b-9868-57a2d4851a1d" relativeResultsDirectory="e98ba949-b7a4-4632-aec8-8442b69a6f00" />
    <UnitTestResult executionId="d9cf56eb-6850-4a08-94c5-dd22172ae9eb" testId="51b4cce3-6066-e4aa-b93a-3d676ec6ebaf" testName="EdgeLink.Tests.Integration.MonitorTests.GetLogs_WithCursor_Returns200" computerName="EXTRA" duration="00:00:00.0023230" startTime="2026-07-20T21:53:10.1821322+08:00" endTime="2026-07-20T21:53:10.1821323+08:00" testType="13cdc9d9-ddb5-4fa4-a97d-d965ccfc6d4b" outcome="Passed" testListId="8c84fa94-04c1-424b-9868-57a2d4851a1d" relativeResultsDirectory="d9cf56eb-6850-4a08-94c5-dd22172ae9eb" />
    <UnitTestResult executionId="e2c3b577-d989-4872-b5c3-e061d5a95c8c" testId="6e81ab33-4f1d-7817-269f-27e74f7d356b" testName="EdgeLink.Tests.Integration.MaskTests.GetDefinition_OriginalData_Returns200" computerName="EXTRA" duration="00:00:00.0010614" startTime="2026-07-20T21:53:09.6296897+08:00" endTime="2026-07-20T21:53:09.6296898+08:00" testType="13cdc9d9-ddb5-4fa4-a97d-d965ccfc6d4b" outcome="Passed" testListId="8c84fa94-04c1-424b-9868-57a2d4851a1d" relativeResultsDirectory="e2c3b577-d989-4872-b5c3-e061d5a95c8c" />
    <UnitTestResult executionId="5883b30a-eb35-41fe-8a1c-802b75a42ea5" testId="65ac1658-a23c-2179-25db-daa0a780b73f" testName="EdgeLink.Tests.Integration.RoutingTests.Route_ResponseMask_TransformsResponseBeforeSendingToDevice" computerName="EXTRA" duration="00:00:04.3494437" startTime="2026-07-20T21:54:43.0322076+08:00" endTime="2026-07-20T21:54:43.0322077+08:00" testType="13cdc9d9-ddb5-4fa4-a97d-d965ccfc6d4b" outcome="Passed" testListId="8c84fa94-04c1-424b-9868-57a2d4851a1d" relativeResultsDirectory="5883b30a-eb35-41fe-8a1c-802b75a42ea5" />
    <UnitTestResult executionId="85432c97-14f1-4df6-98fc-4f61c05737b6" testId="ef23b010-2332-367b-565b-2ce6fcd6f11a" testName="EdgeLink.Tests.Integration.AuthTests.ChangePassword_WithCorrectCurrent_Succeeds" computerName="EXTRA" duration="00:00:00.1211961" startTime="2026-07-20T21:53:09.3625325+08:00" endTime="2026-07-20T21:53:09.3625326+08:00" testType="13cdc9d9-ddb5-4fa4-a97d-d965ccfc6d4b" outcome="Passed" testListId="8c84fa94-04c1-424b-9868-57a2d4851a1d" relativeResultsDirectory="85432c97-14f1-4df6-98fc-4f61c05737b6" />
    <UnitTestResult executionId="e1273587-9765-4d48-a771-11a14510f10d" testId="13da6233-b24d-8abb-379b-c5fd4e6a0f13" testName="EdgeLink.Tests.Unit.AsyncMessageQueueTests.Dequeue_PreservesFifoOrder" computerName="EXTRA" duration="00:00:00.0012767" startTime="2026-07-20T21:53:09.0493191+08:00" endTime="2026-07-20T21:53:09.0493193+08:00" testType="13cdc9d9-ddb5-4fa4-a97d-d965ccfc6d4b" outcome="Passed" testListId="8c84fa94-04c1-424b-9868-57a2d4851a1d" relativeResultsDirectory="e1273587-9765-4d48-a771-11a14510f10d" />
    <UnitTestResult executionId="df6def31-c4e9-4870-94b1-876febb09d34" testId="b08f9dbc-e88a-6019-226d-977dff3f4a59" testName="EdgeLink.Tests.Integration.AuthTests.Logout_ClearsSession" computerName="EXTRA" duration="00:00:00.0355242" startTime="2026-07-20T21:53:09.0973655+08:00" endTime="2026-07-20T21:53:09.0973656+08:00" testType="13cdc9d9-ddb5-4fa4-a97d-d965ccfc6d4b" outcome="Passed" testListId="8c84fa94-04c1-424b-9868-57a2d4851a1d" relativeResultsDirectory="df6def31-c4e9-4870-94b1-876febb09d34" />
    <UnitTestResult executionId="2f96d156-1208-49a8-83cf-87277652577d" testId="4c2629a6-96fc-d72a-7c94-7d78f9d622e4" testName="EdgeLink.Tests.Integration.AuthTests.ProtectedEndpoints_WithoutAuth_Return401(method: &quot;GET&quot;, url: &quot;/api/ports&quot;)" computerName="EXTRA" duration="00:00:00.0008672" startTime="2026-07-20T21:53:09.1014144+08:00" endTime="2026-07-20T21:53:09.1014145+08:00" testType="13cdc9d9-ddb5-4fa4-a97d-d965ccfc6d4b" outcome="Passed" testListId="8c84fa94-04c1-424b-9868-57a2d4851a1d" relativeResultsDirectory="2f96d156-1208-49a8-83cf-87277652577d" />
    <UnitTestResult executionId="a3e9c84d-280a-4c04-9a9a-c4495525c059" testId="e3e9757c-ee2b-7d84-188b-f1308186178c" testName="EdgeLink.Tests.Integration.PortTests.DeletePort_NonExistent_Returns404" computerName="EXTRA" duration="00:00:00.0013454" startTime="2026-07-20T21:53:18.7710740+08:00" endTime="2026-07-20T21:53:18.7710741+08:00" testType="13cdc9d9-ddb5-4fa4-a97d-d965ccfc6d4b" outcome="Passed" testListId="8c84fa94-04c1-424b-9868-57a2d4851a1d" relativeResultsDirectory="a3e9c84d-280a-4c04-9a9a-c4495525c059" />
    <UnitTestResult executionId="72cb711f-ab8b-4335-9ea7-6b750d4f40f9" testId="e49895bd-1bb3-3cc1-152d-d796ba9b73f7" testName="EdgeLink.Tests.Integration.ReconnectTests.Modbus_Master_Reconnects_AfterSlaveReturns" computerName="EXTRA" duration="00:00:00.8564239" startTime="2026-07-20T21:53:19.6649505+08:00" endTime="2026-07-20T21:53:19.6649510+08:00" testType="13cdc9d9-ddb5-4fa4-a97d-d965ccfc6d4b" outcome="Passed" testListId="8c84fa94-04c1-424b-9868-57a2d4851a1d" relativeResultsDirectory="72cb711f-ab8b-4335-9ea7-6b750d4f40f9" />
    <UnitTestResult executionId="27adb045-d661-45ff-ac9d-8c5b8dd1962a" testId="44bb633a-5c3f-fee3-96e1-0f57a03bd5a6" testName="EdgeLink.Tests.Integration.TcpNetworkTests.TcpServer_AcceptsConnection" computerName="EXTRA" duration="00:00:03.2353878" startTime="2026-07-20T21:55:20.5922417+08:00" endTime="2026-07-20T21:55:20.5922420+08:00" testType="13cdc9d9-ddb5-4fa4-a97d-d965ccfc6d4b" outcome="Passed" testListId="8c84fa94-04c1-424b-9868-57a2d4851a1d" relativeResultsDirectory="27adb045-d661-45ff-ac9d-8c5b8dd1962a" />
    <UnitTestResult executionId="e242389f-6f78-4748-b4d1-7fda8608d9a2" testId="fd949958-d091-131d-337a-2631bfab2c54" testName="EdgeLink.Tests.Unit.MaskProcessorTests.ExtraFields_MergedWithExtracted" computerName="EXTRA" duration="00:00:00.0000938" startTime="2026-07-20T21:53:08.8682068+08:00" endTime="2026-07-20T21:53:08.8682068+08:00" testType="13cdc9d9-ddb5-4fa4-a97d-d965ccfc6d4b" outcome="Passed" testListId="8c84fa94-04c1-424b-9868-57a2d4851a1d" relativeResultsDirectory="e242389f-6f78-4748-b4d1-7fda8608d9a2" />
    <UnitTestResult executionId="d4099412-b071-41b8-8fc8-7c2a92174b2e" testId="f7164a05-e74a-7220-4c8b-4ec484ef870b" testName="EdgeLink.Tests.Unit.AppConfigTests.HttpsPort_ParsedFromCli" computerName="EXTRA" duration="00:00:00.0001161" startTime="2026-07-20T21:53:08.8658897+08:00" endTime="2026-07-20T21:53:08.8658897+08:00" testType="13cdc9d9-ddb5-4fa4-a97d-d965ccfc6d4b" outcome="Passed" testListId="8c84fa94-04c1-424b-9868-57a2d4851a1d" relativeResultsDirectory="d4099412-b071-41b8-8fc8-7c2a92174b2e" />
    <UnitTestResult executionId="7a2d8363-76e7-454d-bd13-0e4ad0a370da" testId="b1e58a73-c209-863d-b768-f4247550a4a5" testName="EdgeLink.Tests.Integration.TcpNetworkTests.TcpServer_ReceivesData_UpdatesTotalBytes" computerName="EXTRA" duration="00:00:03.5537706" startTime="2026-07-20T21:55:02.4592212+08:00" endTime="2026-07-20T21:55:02.4592214+08:00" testType="13cdc9d9-ddb5-4fa4-a97d-d965ccfc6d4b" outcome="Passed" testListId="8c84fa94-04c1-424b-9868-57a2d4851a1d" relativeResultsDirectory="7a2d8363-76e7-454d-bd13-0e4ad0a370da" />
    <UnitTestResult executionId="210f8efb-4645-4748-996e-eba0ad29d3cc" testId="ed55943a-9e37-73a3-494d-fd7881b10642" testName="EdgeLink.Tests.Integration.RoutingTests.Route_OriginalData_MessagePassesThroughUnchanged" computerName="EXTRA" duration="00:00:04.3075529" startTime="2026-07-20T21:54:57.4718545+08:00" endTime="2026-07-20T21:54:57.4718548+08:00" testType="13cdc9d9-ddb5-4fa4-a97d-d965ccfc6d4b" outcome="Passed" testListId="8c84fa94-04c1-424b-9868-57a2d4851a1d" relativeResultsDirectory="210f8efb-4645-4748-996e-eba0ad29d3cc" />
    <UnitTestResult executionId="909d4950-f530-4a19-937e-769e0372c6e8" testId="cb5fd3ee-60e1-fc25-11d8-530438a39153" testName="EdgeLink.Tests.Unit.MaskProcessorTests.MissingField_ReturnsEmpty" computerName="EXTRA" duration="00:00:00.0000516" startTime="2026-07-20T21:53:08.8674222+08:00" endTime="2026-07-20T21:53:08.8674222+08:00" testType="13cdc9d9-ddb5-4fa4-a97d-d965ccfc6d4b" outcome="Passed" testListId="8c84fa94-04c1-424b-9868-57a2d4851a1d" relativeResultsDirectory="909d4950-f530-4a19-937e-769e0372c6e8" />
    <UnitTestResult executionId="5b9db839-a641-462d-a51e-c69cda2dadd7" testId="cf2a8e20-2873-e84a-44a3-7fd283482a82" testName="EdgeLink.Tests.Unit.AuditFixTests.RequiredRegisters_MatchesDataTypeWidth(dataType: &quot;FLOAT32&quot;, expected: 2)" computerName="EXTRA" duration="00:00:00.0000026" startTime="2026-07-20T21:53:08.8685975+08:00" endTime="2026-07-20T21:53:08.8685976+08:00" testType="13cdc9d9-ddb5-4fa4-a97d-d965ccfc6d4b" outcome="Passed" testListId="8c84fa94-04c1-424b-9868-57a2d4851a1d" relativeResultsDirectory="5b9db839-a641-462d-a51e-c69cda2dadd7" />
    <UnitTestResult executionId="6c618bd0-e5ab-469f-880f-db4f63c4bc03" testId="5eb8d295-c866-76e1-a1a3-7c7c981e9b3a" testName="EdgeLink.Tests.Unit.AppConfigTests.MultipleArgs_AllParsed" computerName="EXTRA" duration="00:00:00.0000676" startTime="2026-07-20T21:53:08.8672751+08:00" endTime="2026-07-20T21:53:08.8672751+08:00" testType="13cdc9d9-ddb5-4fa4-a97d-d965ccfc6d4b" outcome="Passed" testListId="8c84fa94-04c1-424b-9868-57a2d4851a1d" relativeResultsDirectory="6c618bd0-e5ab-469f-880f-db4f63c4bc03" />
    <UnitTestResult executionId="3b203319-900e-4136-abe2-e62e4bb43e45" testId="ab485b07-1042-f6c7-ae99-6d13e9257500" testName="EdgeLink.Tests.Unit.BinaryMaskDecoderTests.UnknownDiscriminator_IsDropped" computerName="EXTRA" duration="00:00:00.0001418" startTime="2026-07-20T21:53:08.8825376+08:00" endTime="2026-07-20T21:53:08.8825376+08:00" testType="13cdc9d9-ddb5-4fa4-a97d-d965ccfc6d4b" outcome="Passed" testListId="8c84fa94-04c1-424b-9868-57a2d4851a1d" relativeResultsDirectory="3b203319-900e-4136-abe2-e62e4bb43e45" />
    <UnitTestResult executionId="c0b41cd6-f2e4-42dd-bfa5-ac1de28eca65" testId="5823ed74-5de4-231a-f2be-2ca12e5b2240" testName="EdgeLink.Tests.Integration.AuthTests.Login_WithCorrectPassword_Returns200AndSetsCookie" computerName="EXTRA" duration="00:00:00.0211806" startTime="2026-07-20T21:53:09.2170676+08:00" endTime="2026-07-20T21:53:09.2170678+08:00" testType="13cdc9d9-ddb5-4fa4-a97d-d965ccfc6d4b" outcome="Passed" testListId="8c84fa94-04c1-424b-9868-57a2d4851a1d" relativeResultsDirectory="c0b41cd6-f2e4-42dd-bfa5-ac1de28eca65" />
    <UnitTestResult executionId="873d1647-451b-44fe-b6b5-23f62361decf" testId="fe38c041-8f11-9973-9aea-9646eaa1d2c2" testName="EdgeLink.Tests.Unit.AppConfigTests.HttpsPort_FallsBackToEnvVar" computerName="EXTRA" duration="00:00:00.0001854" startTime="2026-07-20T21:53:08.8659293+08:00" endTime="2026-07-20T21:53:08.8659294+08:00" testType="13cdc9d9-ddb5-4fa4-a97d-d965ccfc6d4b" outcome="Passed" testListId="8c84fa94-04c1-424b-9868-57a2d4851a1d" relativeResultsDirectory="873d1647-451b-44fe-b6b5-23f62361decf" />
    <UnitTestResult executionId="3d790027-ac52-44c5-a0f5-e76d94b80234" testId="4cdd5211-841d-c8fb-5498-e68d08397c91" testName="Server.Tests.Unit.ModbusBitPackingTests.Bit31_IsNotNegative" computerName="EXTRA" duration="00:00:00.0113495" startTime="2026-07-20T21:53:08.8673351+08:00" endTime="2026-07-20T21:53:08.8673352+08:00" testType="13cdc9d9-ddb5-4fa4-a97d-d965ccfc6d4b" outcome="Passed" testListId="8c84fa94-04c1-424b-9868-57a2d4851a1d" relativeResultsDirectory="3d790027-ac52-44c5-a0f5-e76d94b80234" />
[...]
21:53:08 fail: EdgeLink[0] [2026-07-20 13:53:08Z] [Error] [Modbus] �@��Ū�� 100 �� bit �W�L��@�ƭȥi���ܪ� 64 �줸,�u�ĥΫe 64 �ӡC�Ч�Φh�� register �����C&#xD;
21:53:08 info: EdgeLink[0] [EdgeLink] Starting...&#xD;
21:53:08 info: EdgeLink[0] [Auth] First run �X default password: admin&#xD;
21:53:09 info: EdgeLink[0] [HttpApiServer] Listening on http://+:18080/&#xD;
21:53:09 info: EdgeLink[0] [EdgeLink] Running.&#xD;
21:53:09 fail: EdgeLink[0] [MaskDefinitionStorageService] Save failed: �L�k�����n�Q���N���ɮסC&#xD;
21:53:15 fail: EdgeLink[0] [2026-07-20 13:53:15Z] [Error] [AddPort] Invalid port format: --&#xD;
21:53:15 info: EdgeLink[0] [2026-07-20 13:53:15Z] [Info] [UDP | TestUdp19003 #5ff347b3] Not found&#xD;
21:53:15 fail: EdgeLink[0] [2026-07-20 13:53:15Z] [Error] [Modbus | Modbus19031-renamed] TargetIP �ʥ�&#xD;
21:53:15 fail: EdgeLink[0] [2026-07-20 13:53:15Z] [Error] [Modbus | Modbus19030] TargetIP �ʥ�&#xD;
21:53:15 fail: EdgeLink[0] [2026-07-20 13:53:15Z] [Error] [Modbus | Modbus19030] TargetIP �ʥ�&#xD;
21:53:15 fail: EdgeLink[0] [2026-07-20 13:53:15Z] [Error] [TCP Client | TcpClients19019 #73e40a4e] Connect timeout �� 127.0.0.1:19019&#xD;
21:53:15 info: EdgeLink[0] [2026-07-20 13:53:15Z] [Info] [TCP Client | TcpClients19019 #73e40a4e] Removed&#xD;
21:53:17 fail: EdgeLink[0] [2026-07-20 13:53:17Z] [Error] [TCP Client | TestClient19002 #a0a7c370] Connect timeout �� 127.0.0.1:19002&#xD;
21:53:17 info: EdgeLink[0] [2026-07-20 13:53:17Z] [Info] [TCP Client | TestClient19002 #a0a7c370] Removed&#xD;
21:53:18 info: EdgeLink[0] [2026-07-20 13:53:18Z] [Info] [Modbus | RC_Modbus] �s�u���\ �� 127.0.0.1:19193&#xD;
21:53:19 fail: EdgeLink[0] [2026-07-20 13:53:19Z] [Error] [Modbus | RC_Modbus] reg 'x' read fail: Unable to read data from the transport connection: �s�u�w�Q�z�D���W���n�餤��C.&#xD;
21:53:19 info: EdgeLink[0] [2026-07-20 13:53:19Z] [Info] [Modbus | RC_Modbus] �s�u���\ �� 127.0.0.1:19193&#xD;
21:53:25 info: EdgeLink[0] [2026-07-20 13:53:25Z] [Info] [UDP | RC_Udp #f34956b7] Removed&#xD;
21:53:25 info: EdgeLink[0] [2026-07-20 13:53:25Z] [Info] [TCP Client | RC_Dst #a90ed805] Connected �� 127.0.0.1:19181&#xD;
21:53:25 info: EdgeLink[0] [2026-07-20 13:53:25Z] [Info] [TCP Client | RC_Dst #a90ed805] Device connection lost (receive loop ended)&#xD;
21:53:30 info: EdgeLink[0] [2026-07-20 13:53:30Z] [Info] [TCP Client | RC_Dst #a90ed805] Heartbeat lost&#xD;
21:53:30 info: EdgeLink[0] [2026-07-20 13:53:30Z] [Info] [TCP Client | RC_Dst #a90ed805] Connected �� 127.0.0.1:19181&#xD;
21:53:30 info: EdgeLink[0] [2026-07-20 13:53:30Z] [Info] [TCP Client | RC_Dst #a90ed805] Device connection lost (receive loop ended)&#xD;
21:53:31 info: EdgeLink[0] [2026-07-20 13:53:31Z] [Info] [TCP Client | RC_Dst #a90ed805] Removed&#xD;
21:53:31 info: EdgeLink[0] [2026-07-20 13:53:31Z] [Info] [TCP Server | RC_SrvReconn #98d9d721] Connected: 127.0.0.1:21842 (waiting for device id)&#xD;
21:53:34 info: EdgeLink[0] [2026-07-20 13:53:34Z] [Info] [TCP Server | RC_SrvReconn #98d9d721] Disconnected: 127.0.0.1:21842&#xD;
21:53:34 info: EdgeLink[0] [2026-07-20 13:53:34Z] [Info] [TCP Server | RC_SrvReconn #98d9d721] Connected: 127.0.0.1:52162 (waiting for device id)&#xD;
21:53:37 info: EdgeLink[0] [2026-07-20 13:53:37Z] [Info] [TCP Server | RC_SrvReconn #98d9d721] Disconnected: 127.0.0.1:52162&#xD;
21:53:39 info: EdgeLink[0] [2026-07-20 13:53:39Z] [Info] [TCP Server | RT_BC_Server #b2f24320] Connected: 127.0.0.1:40609 (waiting for device id)&#xD;
21:53:40 fail: EdgeLink[0] [2026-07-20 13:53:40Z] [Error] [TCP Client | RT_BC_Client #9ad79743] Connect failed (Connect failed) �� 127.0.0.1:19106&#xD;
21:53:42 info: EdgeLink[0] [2026-07-20 13:53:42Z] [Info] [TCP Server | RT_BC_Server #b2f24320] Connected: 127.0.0.1:42404 (waiting for device id)&#xD;
21:53:45 info: EdgeLink[0] [2026-07-20 13:53:45Z] [Info] [TCP Client | RT_BC_Client #9ad79743] Connected �� 127.0.0.1:19106&#xD;
21:53:45 info: EdgeLink[0] [2026-07-20 13:53:45Z] [Info] [TCP Client | RT_BC_Client #9ad79743] Device connection lost (receive loop ended)&#xD;
21:53:45 info: EdgeLink[0] [2026-07-20 13:53:45Z] [Info] [TCP Server | RT_BC_Server #b2f24320] Disconnected: 127.0.0.1:42404&#xD;
21:53:45 info: EdgeLink[0] [2026-07-20 13:53:45Z] [Info] [TCP Server | RT_BC_Server #b2f24320] Disconnected: 127.0.0.1:40609&#xD;
21:53:45 fail: EdgeLink[0] [2026-07-20 13:53:45Z] [Error] [Router] Notify failed [RT_BC_Server] DISCONNECT: Unable to write data to the transport connection: �s�u�w�Q�z�D���W���n�餤��C.&#xD;
21:53:46 info: EdgeLink[0] [2026-07-20 13:53:46Z] [Info] [TCP Client | RT_BC_Client #9ad79743] Removed&#xD;
21:53:47 info: EdgeLink[0] [2026-07-20 13:53:47Z] [Info] [TCP Server | RT_Poll_Server #6ecaeb02] Connected: 127.0.0.1:9545 (waiting for device id)&#xD;
21:53:48 fail: EdgeLink[0] [2026-07-20 13:53:48Z] [Error] [TCP Client | RT_Poll_Client #cc8964d9] Connect failed (Connect failed) �� 127.0.0.1:19109&#xD;
21:53:50 info: EdgeLink[0] [2026-07-20 13:53:50Z] [Info] [TCP Client | RT_Poll_Client #cc8964d9] Connected �� 127.0.0.1:19109&#xD;
21:53:50 info: EdgeLink[0] [2026-07-20 13:53:50Z] [Info] [TCP Client | RT_Poll_Client #cc8964d9] Device connection lost (receive loop ended)&#xD;
21:53:50 info: EdgeLink[0] [2026-07-20 13:53:50Z] [Info] [TCP Server | RT_Poll_Server #6ecaeb02] Disconnected: 127.0.0.1:9545&#xD;
21:53:50 info: EdgeLink[0] [2026-07-20 13:53:50Z] [Info] [TCP Client | RT_Poll_Client #cc8964d9] Removed&#xD;
21:53:52 info: EdgeLink[0] [2026-07-20 13:53:52Z] [Info] [TCP Server | RT_Multi_Server #b186f3e5] Connected: 127.0.0.1:9550 (waiting for device id)&#xD;
21:53:53 fail: EdgeLink[0] [2026-07-20 13:53:53Z] [Error] [TCP Client | RT_Multi_Client1 #3c112705] Connect failed (Connect failed) �� 127.0.0.1:19112&#xD;
21:53:53 fail: EdgeLink[0] [2026-07-20 13:53:53Z] [Error] [TCP Client | RT_Multi_Client2 #46f5d46e] Connect failed (Connect failed) �� 127.0.0.1:19113&#xD;
21:53:55 info: EdgeLink[0] [2026-07-20 13:53:55Z] [Info] [TCP Client | RT_Multi_Client1 #3c112705] Connected �� 127.0.0.1:19112&#xD;
21:53:56 info: EdgeLink[0] [2026-07-20 13:53:56Z] [Info] [TCP Client | RT_Multi_Client2 #46f5d46e] Connected �� 127.0.0.1:19113&#xD;
21:53:56 info: EdgeLink[0] [2026-07-20 13:53:56Z] [Info] [TCP Client | RT_Multi_Client1 #3c112705] Device connection lost (receive loop ended)&#xD;
21:53:56 info: EdgeLink[0] [2026-07-20 13:53:56Z] [Info] [TCP Client | RT_Multi_Client2 #46f5d46e] Device connection lost (receive loop ended)&#xD;
21:53:56 info: EdgeLink[0] [2026-07-20 13:53:56Z] [Info] [TCP Server | RT_Multi_Server #b186f3e5] Disconnected: 127.0.0.1:9550&#xD;
21:53:56 info: EdgeLink[0] [2026-07-20 13:53:56Z] [Info] [TCP Client | RT_Multi_Client1 #3c112705] Removed&#xD;
21:53:56 info: EdgeLink[0] [2026-07-20 13:53:56Z] [Info] [TCP Client | RT_Multi_Client2 #46f5d46e] Removed&#xD;
21:53:57 info: EdgeLink[0] [2026-07-20 13:53:57Z] [Info] [TCP Server | RT_RespOD_Server #895f448c] Connected: 127.0.0.1:24551 (waiting for device id)&#xD;
21:53:58 fail: EdgeLink[0] [2026-07-20 13:53:58Z] [Error] [TCP Client | RT_RespOD_Client #0fbd806f] Connect failed (Connect failed) �� 127.0.0.1:19105&#xD;
21:54:00 info: EdgeLink[0] [2026-07-20 13:54:00Z] [Info] [TCP Client | RT_RespOD_Client #0fbd806f] Connected �� 127.0.0.1:19105&#xD;
21:54:00 info: EdgeLink[0] [2026-07-20 13:54:00Z] [Info] [TCP Client | RT_RespOD_Client #0fbd806f] Device connection lost (receive loop ended)&#xD;
21:54:00 info: EdgeLink[0] [2026-07-20 13:54:00Z] [Info] [TCP Server | RT_RespOD_Server #895f448c] Disconnected: 127.0.0.1:24551&#xD;
21:54:01 info: EdgeLink[0] [2026-07-20 13:54:01Z] [Info] [TCP Client | RT_RespOD_Client #0fbd806f] Removed&#xD;
21:54:02 info: EdgeLink[0] [2026-07-20 13:54:02Z] [Info] [TCP Server | RT_RM_Server #1a30db9d] Connected: 127.0.0.1:24556 (waiting for device id)&#xD;
21:54:03 fail: EdgeLink[0] [2026-07-20 13:54:03Z] [Error] [TCP Client | RT_RM_Client #e64f83a9] Connect failed (Connect failed) �� 127.0.0.1:19107&#xD;
21:54:05 info: EdgeLink[0] [2026-07-20 13:54:05Z] [Info] [TCP Server | RT_RM_Server #1a30db9d] Connected: 127.0.0.1:24558 (waiting for device id)&#xD;
21:54:08 info: EdgeLink[0] [2026-07-20 13:54:08Z] [Info] [TCP Client | RT_RM_Client #e64f83a9] Connected �� 127.0.0.1:19107&#xD;
21:54:09 info: EdgeLink[0] [2026-07-20 13:54:09Z] [Info] [TCP Client | RT_RM_Client #e64f83a9] Device connection lost (receive loop ended)&#xD;
21:54:09 info: EdgeLink[0] [2026-07-20 13:54:09Z] [Info] [TCP Server | RT_RM_Server #1a30db9d] Disconnected: 127.0.0.1:24558&#xD;
21:54:09 info: EdgeLink[0] [2026-07-20 13:54:09Z] [Info] [TCP Server | RT_RM_Server #1a30db9d] Disconnected: 127.0.0.1:24556&#xD;
21:54:09 fail: EdgeLink[0] [2026-07-20 13:54:09Z] [Error] [Router] Notify failed [RT_RM_Server] DISCONNECT: Unable to write data to the transport connection: �s�u�w�Q�z�D���W���n�餤��C.&#xD;
21:54:09 info: EdgeLink[0] [2026-07-20 13:54:09Z] [Info] [TCP Client | RT_RM_Client #e64f83a9] Removed&#xD;
21:54:11 info: EdgeLink[0] [2026-07-20 13:54:11Z] [Info] [TCP Server | RT_Conc_Server #9299261d] Connected: 127.0.0.1:8410 (waiting for device id)&#xD;
21:54:12 fail: EdgeLink[0] [2026-07-20 13:54:12Z] [Error] [TCP Client | RT_Conc_Client #da28bece] Connect failed (Connect failed) �� 127.0.0.1:19110&#xD;
21:54:14 info: EdgeLink[0] [2026-07-20 13:54:14Z] [Info] [TCP Client | RT_Conc_Client #da28bece] Connected �� 127.0.0.1:19110&#xD;
21:54:14 info: EdgeLink[0] [2026-07-20 13:54:14Z] [Info] [TCP Client | RT_Conc_Client #da28bece] Device connection lost (receive loop ended)&#xD;
21:54:14 info: EdgeLink[0] [2026-07-20 13:54:14Z] [Info] [TCP Server | RT_Conc_Server #9299261d] Disconnected: 127.0.0.1:8410&#xD;
21:54:14 info: EdgeLink[0] [2026-07-20 13:54:14Z] [Info] [TCP Client | RT_Conc_Client #da28bece] Removed&#xD;
21:54:15 info: EdgeLink[0] [2026-07-20 13:54:15Z] [Info] [TCP Server | RT_Delim_Server #feb44e29] Connected: 127.0.0.1:29907 (waiting for device id)&#xD;
21:54:17 fail: EdgeLink[0] [2026-07-20 13:54:17Z] [Error] [TCP Client | RT_Delim_Client #4776d65e] Connect failed (Connect failed) �� 127.0.0.1:19103&#xD;
21:54:19 info: EdgeLink[0] [2026-07-20 13:54:19Z] [Info] [TCP Client | RT_Delim_Client #4776d65e] Connected �� 127.0.0.1:19103&#xD;
21:54:19 info: EdgeLink[0] [2026-07-20 13:54:19Z] [Info] [TCP Client | RT_Delim_Client #4776d65e] Device connection lost (receive loop ended)&#xD;
21:54:19 info: EdgeLink[0] [2026-07-20 13:54:19Z] [Info] [TCP Server | RT_Delim_Server #feb44e29] Disconnected: 127.0.0.1:29907&#xD;
21:54:19 info: EdgeLink[0] [2026-07-20 13:54:19Z] [Info] [TCP Client | RT_Delim_Client #4776d65e] Removed&#xD;
21:54:20 info: EdgeLink[0] [2026-07-20 13:54:20Z] [Info] [TCP Server | RT_ConcRes_Server #b84c3142] Connected: 127.0.0.1:14610 (waiting for device id)&#xD;
21:54:21 fail: EdgeLink[0] [2026-07-20 13:54:21Z] [Error] [TCP Client | RT_ConcRes_Client #1549c9b4] Connect failed (Connect failed) �� 127.0.0.1:19111&#xD;
21:54:23 info: EdgeLink[0] [2026-07-20 13:54:23Z] [Info] [TCP Server | RT_ConcRes_Server #b84c3142] Connected: 127.0.0.1:31587 (waiting for device id)&#xD;
21:54:26 info: EdgeLink[0] [2026-07-20 13:54:26Z] [Info] [TCP Client | RT_ConcRes_Client #1549c9b4] Connected �� 127.0.0.1:19111&#xD;
21:54:26 info: EdgeLink[0] [2026-07-20 13:54:26Z] [Info] [TCP Client | RT_ConcRes_Client #1549c9b4] Device connection lost (receive loop ended)&#xD;
21:54:26 info: EdgeLink[0] [2026-07-20 13:54:26Z] [Info] [TCP Server | RT_ConcRes_Server #b84c3142] Disconnected: 127.0.0.1:31587&#xD;
21:54:26 info: EdgeLink[0] [2026-07-20 13:54:26Z] [Info] [TCP Server | RT_ConcRes_Server #b84c3142] Disconnected: 127.0.0.1:14610&#xD;
21:54:26 fail: EdgeLink[0] [2026-07-20 13:54:26Z] [Error] [Router] Notify failed [RT_ConcRes_Server] DISCONNECT: Unable to write data to the transport connection: �s�u�w�Q�z�D���W���n�餤��C.&#xD;
21:54:27 info: EdgeLink[0] [2026-07-20 13:54:27Z] [Info] [TCP Client | RT_ConcRes_Client #1549c9b4] Removed&#xD;
21:54:28 info: EdgeLink[0] [2026-07-20 13:54:28Z] [Info] [TCP Server | RT_ReqM_Server #7effb1a3] Connected: 127.0.0.1:3672 (waiting for device id)&#xD;
21:54:29 fail: EdgeLink[0] [2026-07-20 13:54:29Z] [Error] [TCP Client | RT_ReqM_Client #ccb72c2a] Connect failed (Connect failed) �� 127.0.0.1:19101&#xD;
21:54:31 info: EdgeLink[0] [2026-07-20 13:54:31Z] [Info] [TCP Client | RT_ReqM_Client #ccb72c2a] Connected �� 127.0.0.1:19101&#xD;
21:54:31 info: EdgeLink[0] [2026-07-20 13:54:31Z] [Info] [TCP Client | RT_ReqM_Client #ccb72c2a] Device connection lost (receive loop ended)&#xD;
21:54:31 info: EdgeLink[0] [2026-07-20 13:54:31Z] [Info] [TCP Server | RT_ReqM_Server #7effb1a3] Disconnected: 127.0.0.1:3672&#xD;
21:54:32 info: EdgeLink[0] [2026-07-20 13:54:32Z] [Info] [TCP Client | RT_ReqM_Client #ccb72c2a] Removed&#xD;
21:54:33 info: EdgeLink[0] [2026-07-20 13:54:33Z] [Info] [TCP Server | RT_Miss_Server #648d8e74] Connected: 127.0.0.1:10103 (waiting for device id)&#xD;
21:54:34 fail: EdgeLink[0] [2026-07-20 13:54:34Z] [Error] [TCP Client | RT_Miss_Client #fef62430] Connect failed (Connect failed) �� 127.0.0.1:19102&#xD;
21:54:36 info: EdgeLink[0] [2026-07-20 13:54:36Z] [Info] [TCP Client | RT_Miss_Client #fef62430] Connected �� 127.0.0.1:19102&#xD;
21:54:37 info: EdgeLink[0] [2026-07-20 13:54:37Z] [Info] [TCP Client | RT_Miss_Client #fef62430] Device connection lost (receive loop ended)&#xD;
21:54:37 info: EdgeLink[0] [2026-07-20 13:54:37Z] [Info] [TCP Server | RT_Miss_Server #648d8e74] Disconnected: 127.0.0.1:10103&#xD;
21:54:38 info: EdgeLink[0] [2026-07-20 13:54:38Z] [Info] [TCP Client | RT_Miss_Client #fef62430] Removed&#xD;
21:54:39 info: EdgeLink[0] [2026-07-20 13:54:39Z] [Info] [TCP Server | RT_Resp_Server #eb4d1edc] Connected: 127.0.0.1:14613 (waiting for device id)&#xD;
21:54:40 fail: EdgeLink[0] [2026-07-20 13:54:40Z] [Error] [TCP Client | RT_Resp_Client #22aad009] Connect failed (Connect failed) �� 127.0.0.1:19104&#xD;
21:54:42 info: EdgeLink[0] [2026-07-20 13:54:42Z] [Info] [TCP Client | RT_Resp_Client #22aad009] Connected �� 127.0.0.1:19104&#xD;
21:54:42 info: EdgeLink[0] [2026-07-20 13:54:42Z] [Info] [TCP Client | RT_Resp_Client #22aad009] Device connection lost (receive loop ended)&#xD;
21:54:42 info: EdgeLink[0] [2026-07-20 13:54:42Z] [Info] [TCP Server | RT_Resp_Server #eb4d1edc] Disconnected: 127.0.0.1:14613&#xD;
21:54:43 info: EdgeLink[0] [2026-07-20 13:54:43Z] [Info] [TCP Client | RT_Resp_Client #22aad009] Removed&#xD;
21:54:44 info: EdgeLink[0] [2026-07-20 13:54:44Z] [Info] [TCP Server | RT_Serial_Server #b29edc83] Connected: 127.0.0.1:27114 (waiting for device id)&#xD;
21:54:45 fail: EdgeLink[0] [2026-07-20 13:54:45Z] [Error] [TCP Client | RT_Serial_Client #2c2c9150] Connect failed (Connect failed) �� 127.0.0.1:19108&#xD;
21:54:47 info: EdgeLink[0] [2026-07-20 13:54:47Z] [Info] [TCP Client | RT_Serial_Client #2c2c9150] Connected �� 127.0.0.1:19108&#xD;
21:54:52 fail: EdgeLink[0] [2026-07-20 13:54:52Z] [Error] [TCP Client | RT_Serial_Client #2c2c9150] [SerialQueue] Response timeout (5000ms)&#xD;
21:54:52 info: EdgeLink[0] [2026-07-20 13:54:52Z] [Info] [TCP Client | RT_Serial_Client #2c2c9150] Device connection lost (receive loop ended)&#xD;
21:54:52 info: EdgeLink[0] [2026-07-20 13:54:52Z] [Info] [TCP Server | RT_Serial_Server #b29edc83] Disconnected: 127.0.0.1:27114&#xD;
21:54:52 info: EdgeLink[0] [2026-07-20 13:54:52Z] [Info] [TCP Client | RT_Serial_Client #2c2c9150] Removed&#xD;
21:54:54 info: EdgeLink[0] [2026-07-20 13:54:54Z] [Info] [TCP Server | RT_OD_Server #734fd1aa] Connected: 127.0.0.1:27118 (waiting for device id)&#xD;
21:54:55 fail: EdgeLink[0] [2026-07-20 13:54:55Z] [Error] [TCP Client | RT_OD_Client #9e4e770e] Connect failed (Connect failed) �� 127.0.0.1:19100&#xD;
21:54:57 info: EdgeLink[0] [2026-07-20 13:54:57Z] [Info] [TCP Client | RT_OD_Client #9e4e770e] Connected �� 127.0.0.1:19100&#xD;
21:54:57 info: EdgeLink[0] [2026-07-20 13:54:57Z] [Info] [TCP Client | RT_OD_Client #9e4e770e] Device connection lost (receive loop ended)&#xD;
21:54:57 info: EdgeLink[0] [2026-07-20 13:54:57Z] [Info] [TCP Server | RT_OD_Server #734fd1aa] Disconnected: 127.0.0.1:27118&#xD;
21:54:57 info: EdgeLink[0] [2026-07-20 13:54:57Z] [Info] [TCP Client | RT_OD_Client #9e4e770e] Removed&#xD;
21:54:57 info: EdgeLink[0] [2026-07-20 13:54:57Z] [Info] [UDP | ImportPort_dc33b4 #496ec384] Not found&#xD;
21:54:58 info: EdgeLink[0] [2026-07-20 13:54:58Z] [Info] [TCP Server | TcpRecv19057 #11e93298] Connected: 127.0.0.1:27128 (waiting for device id)&#xD;
21:55:02 info: EdgeLink[0] [2026-07-20 13:55:02Z] [Info] [TCP Server | TcpRecv19057 #11e93298] Disconnected: 127.0.0.1:27128&#xD;
21:55:02 info: EdgeLink[0] [2026-07-20 13:55:02Z] [Info] [TCP Server | TcpToggle19056 #2bfd7ea4] Connected: 127.0.0.1:27130 (waiting for device id)&#xD;
21:55:05 info: EdgeLink[0] [2026-07-20 13:55:05Z] [Info] [TCP Server | TcpToggle19056 #2bfd7ea4] Disconnected: 127.0.0.1:27130&#xD;
21:55:08 info: EdgeLink[0] [2026-07-20 13:55:08Z] [Info] [TCP Server | TcpPong19054 #ce5679cc] Connected: 127.0.0.1:27133 (waiting for device id)&#xD;
21:55:16 info: EdgeLink[0] [2026-07-20 13:55:16Z] [Info] [TCP Server | TcpPong19054 #ce5679cc] Disconnected: 127.0.0.1:27133&#xD;
21:55:17 info: EdgeLink[0] [2026-07-20 13:55:17Z] [Info] [TCP Server | TcpAccept19050 #ec583bd3] Connected: 127.0.0.1:45985 (waiting for device id)&#xD;
21:55:20 info: EdgeLink[0] [2026-07-20 13:55:20Z] [Info] [TCP Server | TcpAccept19050 #ec583bd3] Disconnected: 127.0.0.1:45985&#xD;
21:55:20 info: EdgeLink[0] [2026-07-20 13:55:20Z] [Info] [TCP Server | TcpDisabled19055 #ccb2fbfd] Connected: 127.0.0.1:46714 (waiting for device id)&#xD;
21:55:23 info: EdgeLink[0] [2026-07-20 13:55:23Z] [Info] [TCP Server | TcpDisabled19055 #ccb2fbfd] Disconnected: 127.0.0.1:46714&#xD;
21:55:27 info: EdgeLink[0] [2026-07-20 13:55:27Z] [Info] [TCP Server | TcpPing19053 #3b11f32c] Connected: 127.0.0.1:17220 (waiting for device id)&#xD;
21:55:30 info: EdgeLink[0] [2026-07-20 13:55:30Z] [Info] [TCP Server | TcpPing19053 #3b11f32c] Disconnected: 127.0.0.1:17220&#xD;
21:55:30 info: EdgeLink[0] [2026-07-20 13:55:30Z] [Info] [TCP Server | TcpMulti19051 #46800195] Connected: 127.0.0.1:17222 (waiting for device id)&#xD;
21:55:33 info: EdgeLink[0] [2026-07-20 13:55:33Z] [Info] [TCP Server | TcpMulti19051 #46800195] Connected: 127.0.0.1:17223 (waiting for device id)&#xD;
21:55:36 info: EdgeLink[0] [2026-07-20 13:55:36Z] [Info] [TCP Server | TcpMulti19051 #46800195] Connected: 127.0.0.1:13005 (waiting for device id)&#xD;
21:55:40 info: EdgeLink[0] [2026-07-20 13:55:40Z] [Info] [TCP Server | TcpMulti19051 #46800195] Disconnected: 127.0.0.1:13005&#xD;
21:55:40 info: EdgeLink[0] [2026-07-20 13:55:40Z] [Info] [TCP Server | TcpMulti19051 #46800195] Disconnected: 127.0.0.1:17223&#xD;
21:55:40 info: EdgeLink[0] [2026-07-20 13:55:40Z] [Info] [TCP Server | TcpMulti19051 #46800195] Disconnected: 127.0.0.1:17222&#xD;
21:55:40 info: EdgeLink[0] [2026-07-20 13:55:40Z] [Info] [TCP Server | TcpDisc19052 #e657105f] Connected: 127.0.0.1:52684 (waiting for device id)&#xD;
21:55:43 info: EdgeLink[0] [2026-07-20 13:55:43Z] [Info] [TCP Server | TcpDisc19052 #e657105f] Disconnected: 127.0.0.1:52684&#xD;
21:55:44 info: EdgeLink[0] [EdgeLink] Shutting down...&#xD;
21:55:44 info: EdgeLink[0] [HttpApiServer] Stopped&#xD;
21:55:44 info: EdgeLink[0] [2026-07-20 13:55:44Z] [Info] [UDP] Shutting down 0 UDP connections&#xD;
21:55:44 info: EdgeLink[0] [2026-07-20 13:55:44Z] [Info] [TCPServer] Shutting down 0 TCP servers&#xD;
21:55:44 info: EdgeLink[0] [2026-07-20 13:55:44Z] [Info] [TCPClient] Shutting down 0 TCP clients&#xD;
21:55:44 info: EdgeLink[0] [2026-07-20 13:55:44Z] [Info] [TCPClient] All TCP clients closed&#xD;
21:55:45 info: EdgeLink[0] [2026-07-20 13:55:45Z] [Info] [TCPServer] All TCP servers closed&#xD;
21:55:45 info: EdgeLink[0] [2026-07-20 13:55:45Z] [Info] [UDP] All UDP connections closed&#xD;
21:55:45 info: EdgeLink[0] [EdgeLink] Stopped.&#xD;
[xUnit.net 00:02:36.37]   Finished:    Server.Tests&#xD;
</StdOut>
    </Output>
  </ResultSummary>
</TestRun>